1515204211489	geckodriver	INFO	geckodriver 0.19.1
1515204211494	geckodriver	INFO	Listening on 127.0.0.1:51701
1515204211931	mozrunner::runner	INFO	Running command: "/Applications/Firefox.app/Contents/MacOS/firefox-bin" "-marionette" "-profile" "/var/folders/2c/7x1pgq_s7573kb74v4mxgcdw0000gn/T/rust_mozprofile.J97O7LqlLJPZ"
1515204215012	Marionette	INFO	Listening on port 51712
1515204215131	Marionette	WARN	TLS certificate errors will be ignored for this session
1515204215315	Marionette	DEBUG	loaded listener.js
1515204215346	Marionette	DEBUG	Received DOM event "beforeunload" for "about:blank"
2018-01-06 02:03:35.366 plugin-container[64252:20080655] *** CFMessagePort: bootstrap_register(): failed 1100 (0x44c) 'Permission denied', port = 0xaf3b, name = 'com.apple.tsm.portname'
See /usr/include/servers/bootstrap_defs.h for the error codes.
1515204215479	Marionette	DEBUG	Received DOM event "pagehide" for "about:blank"
1515204215480	Marionette	DEBUG	Received DOM event "unload" for "about:blank"
1515204215500	Marionette	DEBUG	Received DOM event "DOMContentLoaded" for "http://localhost:8000/"
1515204215502	Marionette	DEBUG	Received DOM event "pageshow" for "http://localhost:8000/"
1515204217914	Marionette	INFO	New connections will no longer be accepted
1515204471996	geckodriver	INFO	geckodriver 0.19.1
1515204472000	geckodriver	INFO	Listening on 127.0.0.1:52713
1515204472407	mozrunner::runner	INFO	Running command: "/Applications/Firefox.app/Contents/MacOS/firefox-bin" "-marionette" "-profile" "/var/folders/2c/7x1pgq_s7573kb74v4mxgcdw0000gn/T/rust_mozprofile.fdaGIEh2d6x6"
1515204475474	Marionette	INFO	Listening on port 52724
1515204475604	Marionette	WARN	TLS certificate errors will be ignored for this session
1515204475789	Marionette	DEBUG	loaded listener.js
1515204475819	Marionette	DEBUG	Received DOM event "beforeunload" for "about:blank"
2018-01-06 02:07:55.839 plugin-container[64315:20091459] *** CFMessagePort: bootstrap_register(): failed 1100 (0x44c) 'Permission denied', port = 0xa83b, name = 'com.apple.tsm.portname'
See /usr/include/servers/bootstrap_defs.h for the error codes.
1515204476006	Marionette	DEBUG	Received DOM event "pagehide" for "about:blank"
1515204476007	Marionette	DEBUG	Received DOM event "unload" for "about:blank"
1515204476012	Marionette	DEBUG	Received DOM event "DOMContentLoaded" for "http://localhost:8081/"
1515204476029	Marionette	DEBUG	Received DOM event "pageshow" for "http://localhost:8081/"
1515204478411	Marionette	INFO	New connections will no longer be accepted
1515204482275	geckodriver	INFO	geckodriver 0.19.1
1515204482279	geckodriver	INFO	Listening on 127.0.0.1:52817
1515204482645	mozrunner::runner	INFO	Running command: "/Applications/Firefox.app/Contents/MacOS/firefox-bin" "-marionette" "-profile" "/var/folders/2c/7x1pgq_s7573kb74v4mxgcdw0000gn/T/rust_mozprofile.YKEAlx6SdZ7A"
1515204485142	Marionette	INFO	Listening on port 52824
1515204485219	Marionette	WARN	TLS certificate errors will be ignored for this session
1515204485440	Marionette	DEBUG	loaded listener.js
1515204485467	Marionette	DEBUG	Received DOM event "beforeunload" for "about:blank"
2018-01-06 02:08:05.504 plugin-container[64322:20092425] *** CFMessagePort: bootstrap_register(): failed 1100 (0x44c) 'Permission denied', port = 0xa93b, name = 'com.apple.tsm.portname'
See /usr/include/servers/bootstrap_defs.h for the error codes.
1515204485610	Marionette	DEBUG	Received DOM event "pagehide" for "about:blank"
1515204485610	Marionette	DEBUG	Received DOM event "unload" for "about:blank"
1515204485615	Marionette	DEBUG	Received DOM event "DOMContentLoaded" for "http://localhost:8081/"
1515204485632	Marionette	DEBUG	Received DOM event "pageshow" for "http://localhost:8081/"
1515204487980	Marionette	INFO	New connections will no longer be accepted
1515204653810	geckodriver	INFO	geckodriver 0.19.1
1515204653814	geckodriver	INFO	Listening on 127.0.0.1:53527
1515204654184	mozrunner::runner	INFO	Running command: "/Applications/Firefox.app/Contents/MacOS/firefox-bin" "-marionette" "-profile" "/var/folders/2c/7x1pgq_s7573kb74v4mxgcdw0000gn/T/rust_mozprofile.v8mc4sE6Gqrp"
1515204656666	Marionette	INFO	Listening on port 53534
1515204656759	Marionette	WARN	TLS certificate errors will be ignored for this session
1515204656948	Marionette	DEBUG	loaded listener.js
1515204656982	Marionette	DEBUG	Received DOM event "beforeunload" for "about:blank"
2018-01-06 02:10:57.014 plugin-container[64389:20098441] *** CFMessagePort: bootstrap_register(): failed 1100 (0x44c) 'Permission denied', port = 0xaf3b, name = 'com.apple.tsm.portname'
See /usr/include/servers/bootstrap_defs.h for the error codes.
1515204657128	Marionette	DEBUG	Received DOM event "pagehide" for "about:blank"
1515204657128	Marionette	DEBUG	Received DOM event "unload" for "about:blank"
1515204657134	Marionette	DEBUG	Received DOM event "DOMContentLoaded" for "http://localhost:8081/"
1515204657151	Marionette	DEBUG	Received DOM event "pageshow" for "http://localhost:8081/"
1515204659513	Marionette	INFO	New connections will no longer be accepted
1515268052336	geckodriver	INFO	geckodriver 0.19.1
1515268052341	geckodriver	INFO	Listening on 127.0.0.1:62024
1515268052769	mozrunner::runner	INFO	Running command: "/Applications/Firefox.app/Contents/MacOS/firefox-bin" "-marionette" "-profile" "/var/folders/2c/7x1pgq_s7573kb74v4mxgcdw0000gn/T/rust_mozprofile.8eQhrwxIUUKT"
1515268056163	Marionette	INFO	Listening on port 62031
1515268056306	Marionette	WARN	TLS certificate errors will be ignored for this session
1515268056497	Marionette	DEBUG	loaded listener.js
1515268056526	Marionette	DEBUG	Received DOM event "beforeunload" for "about:blank"
2018-01-06 19:47:36.551 plugin-container[67688:20758111] *** CFMessagePort: bootstrap_register(): failed 1100 (0x44c) 'Permission denied', port = 0xae3b, name = 'com.apple.tsm.portname'
See /usr/include/servers/bootstrap_defs.h for the error codes.
1515268056712	Marionette	DEBUG	Received DOM event "pagehide" for "about:blank"
1515268056712	Marionette	DEBUG	Received DOM event "unload" for "about:blank"
1515268056718	Marionette	DEBUG	Received DOM event "DOMContentLoaded" for "http://localhost:8081/"
1515268056735	Marionette	DEBUG	Received DOM event "pageshow" for "http://localhost:8081/"
1515268057940	Marionette	INFO	New connections will no longer be accepted
1515268121875	geckodriver	INFO	geckodriver 0.19.1
1515268121879	geckodriver	INFO	Listening on 127.0.0.1:62085
1515268122249	mozrunner::runner	INFO	Running command: "/Applications/Firefox.app/Contents/MacOS/firefox-bin" "-marionette" "-profile" "/var/folders/2c/7x1pgq_s7573kb74v4mxgcdw0000gn/T/rust_mozprofile.umICTqupBPQs"
1515268124657	Marionette	INFO	Listening on port 62092
1515268124814	Marionette	WARN	TLS certificate errors will be ignored for this session
1515268124953	Marionette	DEBUG	loaded listener.js
1515268124984	Marionette	DEBUG	Received DOM event "beforeunload" for "about:blank"
2018-01-06 19:48:45.003 plugin-container[67713:20759855] *** CFMessagePort: bootstrap_register(): failed 1100 (0x44c) 'Permission denied', port = 0xa93b, name = 'com.apple.tsm.portname'
See /usr/include/servers/bootstrap_defs.h for the error codes.
1515268125116	Marionette	DEBUG	Received DOM event "pagehide" for "about:blank"
1515268125116	Marionette	DEBUG	Received DOM event "unload" for "about:blank"
1515268125121	Marionette	DEBUG	Received DOM event "DOMContentLoaded" for "http://localhost:8081/"
1515268125138	Marionette	DEBUG	Received DOM event "pageshow" for "http://localhost:8081/"
1515268126332	Marionette	INFO	New connections will no longer be accepted
1515375254955	geckodriver	INFO	geckodriver 0.19.1
1515375254959	geckodriver	INFO	Listening on 127.0.0.1:52421
1515375255375	mozrunner::runner	INFO	Running command: "/Applications/Firefox.app/Contents/MacOS/firefox-bin" "-marionette" "-profile" "/var/folders/2c/7x1pgq_s7573kb74v4mxgcdw0000gn/T/rust_mozprofile.kypQoUI5yM0a"
1515375258583	Marionette	INFO	Listening on port 52428
1515375258683	Marionette	WARN	TLS certificate errors will be ignored for this session
1515375258879	Marionette	DEBUG	loaded listener.js
1515375258913	Marionette	DEBUG	Received DOM event "beforeunload" for "about:blank"
2018-01-08 01:34:18.951 plugin-container[74412:22050026] *** CFMessagePort: bootstrap_register(): failed 1100 (0x44c) 'Permission denied', port = 0xaf3b, name = 'com.apple.tsm.portname'
See /usr/include/servers/bootstrap_defs.h for the error codes.
1515375259114	Marionette	DEBUG	Received DOM event "pagehide" for "about:blank"
1515375259114	Marionette	DEBUG	Received DOM event "unload" for "about:blank"
1515375259119	Marionette	DEBUG	Received DOM event "DOMContentLoaded" for "http://localhost:8081/"
1515375259136	Marionette	DEBUG	Received DOM event "pageshow" for "http://localhost:8081/"
1515375260333	Marionette	INFO	New connections will no longer be accepted
1515392437600	geckodriver	INFO	geckodriver 0.19.1
1515392437604	geckodriver	INFO	Listening on 127.0.0.1:54911
1515392438043	mozrunner::runner	INFO	Running command: "/Applications/Firefox.app/Contents/MacOS/firefox-bin" "-marionette" "-profile" "/var/folders/2c/7x1pgq_s7573kb74v4mxgcdw0000gn/T/rust_mozprofile.xCasujTk04tK"
1515392441158	Marionette	INFO	Listening on port 54918
1515392441245	Marionette	WARN	TLS certificate errors will be ignored for this session
1515392441442	Marionette	DEBUG	loaded listener.js
1515392441470	Marionette	DEBUG	Received DOM event "beforeunload" for "about:blank"
2018-01-08 06:20:41.518 plugin-container[77831:22568599] *** CFMessagePort: bootstrap_register(): failed 1100 (0x44c) 'Permission denied', port = 0xa83b, name = 'com.apple.tsm.portname'
See /usr/include/servers/bootstrap_defs.h for the error codes.
1515392441669	Marionette	DEBUG	Received DOM event "pagehide" for "about:blank"
1515392441669	Marionette	DEBUG	Received DOM event "unload" for "about:blank"
1515392441674	Marionette	DEBUG	Received DOM event "DOMContentLoaded" for "http://localhost:8081/"
1515392441691	Marionette	DEBUG	Received DOM event "pageshow" for "http://localhost:8081/"
1515392444098	Marionette	INFO	New connections will no longer be accepted
1515392484710	geckodriver	INFO	geckodriver 0.19.1
1515392484714	geckodriver	INFO	Listening on 127.0.0.1:54985
1515392485098	mozrunner::runner	INFO	Running command: "/Applications/Firefox.app/Contents/MacOS/firefox-bin" "-marionette" "-profile" "/var/folders/2c/7x1pgq_s7573kb74v4mxgcdw0000gn/T/rust_mozprofile.Jy3qReUOuoBY"
1515392487511	Marionette	INFO	Listening on port 54992
1515392487659	Marionette	WARN	TLS certificate errors will be ignored for this session
1515392487819	Marionette	DEBUG	loaded listener.js
1515392487850	Marionette	DEBUG	Received DOM event "beforeunload" for "about:blank"
2018-01-08 06:21:27.876 plugin-container[77847:22569817] *** CFMessagePort: bootstrap_register(): failed 1100 (0x44c) 'Permission denied', port = 0xa937, name = 'com.apple.tsm.portname'
See /usr/include/servers/bootstrap_defs.h for the error codes.
1515392487984	Marionette	DEBUG	Received DOM event "pagehide" for "about:blank"
1515392487984	Marionette	DEBUG	Received DOM event "unload" for "about:blank"
1515392487989	Marionette	DEBUG	Received DOM event "DOMContentLoaded" for "http://localhost:8081/"
1515392488005	Marionette	DEBUG	Received DOM event "pageshow" for "http://localhost:8081/"
1515392490439	Marionette	INFO	New connections will no longer be accepted
1515392490558	geckodriver	INFO	geckodriver 0.19.1
1515392490562	geckodriver	INFO	Listening on 127.0.0.1:55057
1515392490947	mozrunner::runner	INFO	Running command: "/Applications/Firefox.app/Contents/MacOS/firefox-bin" "-marionette" "-profile" "/var/folders/2c/7x1pgq_s7573kb74v4mxgcdw0000gn/T/rust_mozprofile.t129WskE7mYP"
1515392492816	Marionette	INFO	Listening on port 55064
1515392492905	Marionette	WARN	TLS certificate errors will be ignored for this session
1515392493105	Marionette	DEBUG	loaded listener.js
1515392493131	Marionette	DEBUG	Received DOM event "beforeunload" for "about:blank"
2018-01-08 06:21:33.182 plugin-container[77850:22570471] *** CFMessagePort: bootstrap_register(): failed 1100 (0x44c) 'Permission denied', port = 0xa93b, name = 'com.apple.tsm.portname'
See /usr/include/servers/bootstrap_defs.h for the error codes.
1515392493261	Marionette	DEBUG	Received DOM event "pagehide" for "about:blank"
1515392493261	Marionette	DEBUG	Received DOM event "unload" for "about:blank"
1515392493266	Marionette	DEBUG	Received DOM event "DOMContentLoaded" for "http://localhost:8081/"
1515392493282	Marionette	DEBUG	Received DOM event "pageshow" for "http://localhost:8081/"
1515392493408	Marionette	INFO	New connections will no longer be accepted
1515392547906	geckodriver	INFO	geckodriver 0.19.1
1515392547910	geckodriver	INFO	Listening on 127.0.0.1:55095
1515392548297	mozrunner::runner	INFO	Running command: "/Applications/Firefox.app/Contents/MacOS/firefox-bin" "-marionette" "-profile" "/var/folders/2c/7x1pgq_s7573kb74v4mxgcdw0000gn/T/rust_mozprofile.ZwjzbMnsSDxW"
1515392550745	Marionette	INFO	Listening on port 55102
1515392550876	Marionette	WARN	TLS certificate errors will be ignored for this session
1515392551042	Marionette	DEBUG	loaded listener.js
1515392551073	Marionette	DEBUG	Received DOM event "beforeunload" for "about:blank"
2018-01-08 06:22:31.102 plugin-container[77868:22571731] *** CFMessagePort: bootstrap_register(): failed 1100 (0x44c) 'Permission denied', port = 0xa937, name = 'com.apple.tsm.portname'
See /usr/include/servers/bootstrap_defs.h for the error codes.
1515392551209	Marionette	DEBUG	Received DOM event "pagehide" for "about:blank"
1515392551209	Marionette	DEBUG	Received DOM event "unload" for "about:blank"
1515392551213	Marionette	DEBUG	Received DOM event "DOMContentLoaded" for "http://localhost:8081/"
1515392551230	Marionette	DEBUG	Received DOM event "pageshow" for "http://localhost:8081/"
1515392553634	Marionette	INFO	New connections will no longer be accepted
1515392553756	geckodriver	INFO	geckodriver 0.19.1
1515392553760	geckodriver	INFO	Listening on 127.0.0.1:55168
1515392554142	mozrunner::runner	INFO	Running command: "/Applications/Firefox.app/Contents/MacOS/firefox-bin" "-marionette" "-profile" "/var/folders/2c/7x1pgq_s7573kb74v4mxgcdw0000gn/T/rust_mozprofile.BtNwjtKLM7I8"
1515392556015	Marionette	INFO	Listening on port 55175
1515392556102	Marionette	WARN	TLS certificate errors will be ignored for this session
1515392556325	Marionette	DEBUG	loaded listener.js
1515392556352	Marionette	DEBUG	Received DOM event "beforeunload" for "about:blank"
2018-01-08 06:22:36.400 plugin-container[77874:22572409] *** CFMessagePort: bootstrap_register(): failed 1100 (0x44c) 'Permission denied', port = 0xae37, name = 'com.apple.tsm.portname'
See /usr/include/servers/bootstrap_defs.h for the error codes.
1515392556480	Marionette	DEBUG	Received DOM event "pagehide" for "about:blank"
1515392556480	Marionette	DEBUG	Received DOM event "unload" for "about:blank"
1515392556484	Marionette	DEBUG	Received DOM event "DOMContentLoaded" for "http://localhost:8081/"
1515392556501	Marionette	DEBUG	Received DOM event "pageshow" for "http://localhost:8081/"
1515392556747	Marionette	INFO	New connections will no longer be accepted
1515392600087	geckodriver	INFO	geckodriver 0.19.1
1515392600091	geckodriver	INFO	Listening on 127.0.0.1:55212
1515392600475	mozrunner::runner	INFO	Running command: "/Applications/Firefox.app/Contents/MacOS/firefox-bin" "-marionette" "-profile" "/var/folders/2c/7x1pgq_s7573kb74v4mxgcdw0000gn/T/rust_mozprofile.ZffjNQJ3chaO"
1515392602930	Marionette	INFO	Listening on port 55219
1515392603047	Marionette	WARN	TLS certificate errors will be ignored for this session
1515392603223	Marionette	DEBUG	loaded listener.js
1515392603250	Marionette	DEBUG	Received DOM event "beforeunload" for "about:blank"
2018-01-08 06:23:23.295 plugin-container[77888:22573515] *** CFMessagePort: bootstrap_register(): failed 1100 (0x44c) 'Permission denied', port = 0xaf3b, name = 'com.apple.tsm.portname'
See /usr/include/servers/bootstrap_defs.h for the error codes.
1515392603396	Marionette	DEBUG	Received DOM event "pagehide" for "about:blank"
1515392603397	Marionette	DEBUG	Received DOM event "unload" for "about:blank"
1515392603401	Marionette	DEBUG	Received DOM event "DOMContentLoaded" for "http://localhost:8081/"
1515392603418	Marionette	DEBUG	Received DOM event "pageshow" for "http://localhost:8081/"
1515392605839	Marionette	INFO	New connections will no longer be accepted
1515392605966	geckodriver	INFO	geckodriver 0.19.1
1515392605970	geckodriver	INFO	Listening on 127.0.0.1:55286
1515392606348	mozrunner::runner	INFO	Running command: "/Applications/Firefox.app/Contents/MacOS/firefox-bin" "-marionette" "-profile" "/var/folders/2c/7x1pgq_s7573kb74v4mxgcdw0000gn/T/rust_mozprofile.iAuClZ9KkVe1"
1515392608234	Marionette	INFO	Listening on port 55293
1515392608322	Marionette	WARN	TLS certificate errors will be ignored for this session
1515392608540	Marionette	DEBUG	loaded listener.js
1515392608567	Marionette	DEBUG	Received DOM event "beforeunload" for "about:blank"
2018-01-08 06:23:28.615 plugin-container[77892:22574169] *** CFMessagePort: bootstrap_register(): failed 1100 (0x44c) 'Permission denied', port = 0xaf3b, name = 'com.apple.tsm.portname'
See /usr/include/servers/bootstrap_defs.h for the error codes.
1515392608693	Marionette	DEBUG	Received DOM event "pagehide" for "about:blank"
1515392608694	Marionette	DEBUG	Received DOM event "unload" for "about:blank"
1515392608698	Marionette	DEBUG	Received DOM event "DOMContentLoaded" for "http://localhost:8081/"
1515392608715	Marionette	DEBUG	Received DOM event "pageshow" for "http://localhost:8081/"
1515392609937	Marionette	INFO	New connections will no longer be accepted
1515393240668	geckodriver	INFO	geckodriver 0.19.1
1515393240672	geckodriver	INFO	Listening on 127.0.0.1:55342
1515393241060	mozrunner::runner	INFO	Running command: "/Applications/Firefox.app/Contents/MacOS/firefox-bin" "-marionette" "-profile" "/var/folders/2c/7x1pgq_s7573kb74v4mxgcdw0000gn/T/rust_mozprofile.PujIcfd7RPC0"
1515393754565	geckodriver	INFO	geckodriver 0.19.1
1515393754569	geckodriver	INFO	Listening on 127.0.0.1:55396
1515393754951	mozrunner::runner	INFO	Running command: "/Applications/Firefox.app/Contents/MacOS/firefox-bin" "-marionette" "-profile" "/var/folders/2c/7x1pgq_s7573kb74v4mxgcdw0000gn/T/rust_mozprofile.pWpwtb0mZath"
1515393757396	Marionette	INFO	Listening on port 55403
1515393757536	Marionette	WARN	TLS certificate errors will be ignored for this session
1515393757708	Marionette	DEBUG	loaded listener.js
1515393757738	Marionette	DEBUG	Received DOM event "beforeunload" for "about:blank"
2018-01-08 06:42:37.762 plugin-container[78173:22623014] *** CFMessagePort: bootstrap_register(): failed 1100 (0x44c) 'Permission denied', port = 0xae3b, name = 'com.apple.tsm.portname'
See /usr/include/servers/bootstrap_defs.h for the error codes.
1515393757872	Marionette	DEBUG	Received DOM event "pagehide" for "about:blank"
1515393757872	Marionette	DEBUG	Received DOM event "unload" for "about:blank"
1515393757879	Marionette	DEBUG	Received DOM event "DOMContentLoaded" for "http://localhost:8081/"
1515393757896	Marionette	DEBUG	Received DOM event "pageshow" for "http://localhost:8081/"
1515393760234	Marionette	INFO	New connections will no longer be accepted
1515394019999	geckodriver	INFO	geckodriver 0.19.1
1515394020005	geckodriver	INFO	Listening on 127.0.0.1:55465
1515394020404	mozrunner::runner	INFO	Running command: "/Applications/Firefox.app/Contents/MacOS/firefox-bin" "-marionette" "-profile" "/var/folders/2c/7x1pgq_s7573kb74v4mxgcdw0000gn/T/rust_mozprofile.flyPD0Z7GE75"
1515394022869	Marionette	INFO	Listening on port 55472
1515394022971	Marionette	WARN	TLS certificate errors will be ignored for this session
1515394023174	Marionette	DEBUG	loaded listener.js
1515394023202	Marionette	DEBUG	Received DOM event "beforeunload" for "about:blank"
2018-01-08 06:47:03.250 plugin-container[78242:22626959] *** CFMessagePort: bootstrap_register(): failed 1100 (0x44c) 'Permission denied', port = 0xaf3b, name = 'com.apple.tsm.portname'
See /usr/include/servers/bootstrap_defs.h for the error codes.
1515394023346	Marionette	DEBUG	Received DOM event "pagehide" for "about:blank"
1515394023346	Marionette	DEBUG	Received DOM event "unload" for "about:blank"
1515394023351	Marionette	DEBUG	Received DOM event "DOMContentLoaded" for "http://localhost:8081/"
1515394023369	Marionette	DEBUG	Received DOM event "pageshow" for "http://localhost:8081/"
1515394025729	Marionette	INFO	New connections will no longer be accepted
1515395604065	geckodriver	INFO	geckodriver 0.19.1
1515395604069	geckodriver	INFO	Listening on 127.0.0.1:55606
1515395604494	mozrunner::runner	INFO	Running command: "/Applications/Firefox.app/Contents/MacOS/firefox-bin" "-marionette" "-profile" "/var/folders/2c/7x1pgq_s7573kb74v4mxgcdw0000gn/T/rust_mozprofile.QkCw8H6oVCV6"
1515395607593	Marionette	INFO	Listening on port 55613
1515395607680	Marionette	WARN	TLS certificate errors will be ignored for this session
1515395607897	Marionette	DEBUG	loaded listener.js
1515395607925	Marionette	DEBUG	Received DOM event "beforeunload" for "about:blank"
2018-01-08 07:13:27.969 plugin-container[78622:22645922] *** CFMessagePort: bootstrap_register(): failed 1100 (0x44c) 'Permission denied', port = 0xa93b, name = 'com.apple.tsm.portname'
See /usr/include/servers/bootstrap_defs.h for the error codes.
1515395608126	Marionette	DEBUG	Received DOM event "pagehide" for "about:blank"
1515395608126	Marionette	DEBUG	Received DOM event "unload" for "about:blank"
1515395608131	Marionette	DEBUG	Received DOM event "DOMContentLoaded" for "http://localhost:8081/"
1515395608148	Marionette	DEBUG	Received DOM event "pageshow" for "http://localhost:8081/"
1515395610592	Marionette	INFO	New connections will no longer be accepted
1515395610719	geckodriver	INFO	geckodriver 0.19.1
1515395610724	geckodriver	INFO	Listening on 127.0.0.1:55683
1515395611094	mozrunner::runner	INFO	Running command: "/Applications/Firefox.app/Contents/MacOS/firefox-bin" "-marionette" "-profile" "/var/folders/2c/7x1pgq_s7573kb74v4mxgcdw0000gn/T/rust_mozprofile.OGw16Awu0tpc"
1515395612943	Marionette	INFO	Listening on port 55690
1515395613049	Marionette	WARN	TLS certificate errors will be ignored for this session
1515395613222	Marionette	DEBUG	loaded listener.js
1515395613256	Marionette	DEBUG	Received DOM event "beforeunload" for "about:blank"
2018-01-08 07:13:33.298 plugin-container[78626:22646498] *** CFMessagePort: bootstrap_register(): failed 1100 (0x44c) 'Permission denied', port = 0xa93b, name = 'com.apple.tsm.portname'
See /usr/include/servers/bootstrap_defs.h for the error codes.
1515395613383	Marionette	DEBUG	Received DOM event "pagehide" for "about:blank"
1515395613383	Marionette	DEBUG	Received DOM event "unload" for "about:blank"
1515395613388	Marionette	DEBUG	Received DOM event "DOMContentLoaded" for "http://localhost:8081/"
1515395613403	Marionette	DEBUG	Received DOM event "pageshow" for "http://localhost:8081/"
1515395614580	Marionette	INFO	New connections will no longer be accepted
1515395710246	geckodriver	INFO	geckodriver 0.19.1
1515395710250	geckodriver	INFO	Listening on 127.0.0.1:55731
1515395710640	mozrunner::runner	INFO	Running command: "/Applications/Firefox.app/Contents/MacOS/firefox-bin" "-marionette" "-profile" "/var/folders/2c/7x1pgq_s7573kb74v4mxgcdw0000gn/T/rust_mozprofile.KcJEIAeRLgF3"
1515395713124	Marionette	INFO	Listening on port 55738
1515395713209	Marionette	WARN	TLS certificate errors will be ignored for this session
1515395713430	Marionette	DEBUG	loaded listener.js
1515395713460	Marionette	DEBUG	Received DOM event "beforeunload" for "about:blank"
2018-01-08 07:15:13.509 plugin-container[78654:22648189] *** CFMessagePort: bootstrap_register(): failed 1100 (0x44c) 'Permission denied', port = 0xa83b, name = 'com.apple.tsm.portname'
See /usr/include/servers/bootstrap_defs.h for the error codes.
1515395713604	Marionette	DEBUG	Received DOM event "pagehide" for "about:blank"
1515395713604	Marionette	DEBUG	Received DOM event "unload" for "about:blank"
1515395713609	Marionette	DEBUG	Received DOM event "DOMContentLoaded" for "http://localhost:8081/"
1515395713625	Marionette	DEBUG	Received DOM event "pageshow" for "http://localhost:8081/"
1515395716076	Marionette	INFO	New connections will no longer be accepted
1515395716201	geckodriver	INFO	geckodriver 0.19.1
1515395716206	geckodriver	INFO	Listening on 127.0.0.1:55803
1515395716585	mozrunner::runner	INFO	Running command: "/Applications/Firefox.app/Contents/MacOS/firefox-bin" "-marionette" "-profile" "/var/folders/2c/7x1pgq_s7573kb74v4mxgcdw0000gn/T/rust_mozprofile.FTwQHpM5g3qZ"
1515395718526	Marionette	INFO	Listening on port 55810
1515395718586	Marionette	WARN	TLS certificate errors will be ignored for this session
1515395718820	Marionette	DEBUG	loaded listener.js
1515395718847	Marionette	DEBUG	Received DOM event "beforeunload" for "about:blank"
2018-01-08 07:15:18.894 plugin-container[78657:22648854] *** CFMessagePort: bootstrap_register(): failed 1100 (0x44c) 'Permission denied', port = 0xaf3b, name = 'com.apple.tsm.portname'
See /usr/include/servers/bootstrap_defs.h for the error codes.
1515395718977	Marionette	DEBUG	Received DOM event "pagehide" for "about:blank"
1515395718978	Marionette	DEBUG	Received DOM event "unload" for "about:blank"
1515395718982	Marionette	DEBUG	Received DOM event "DOMContentLoaded" for "http://localhost:8081/"
1515395719000	Marionette	DEBUG	Received DOM event "pageshow" for "http://localhost:8081/"
1515395720179	Marionette	INFO	New connections will no longer be accepted
1515395736404	geckodriver	INFO	geckodriver 0.19.1
1515395736409	geckodriver	INFO	Listening on 127.0.0.1:55846
1515395736795	mozrunner::runner	INFO	Running command: "/Applications/Firefox.app/Contents/MacOS/firefox-bin" "-marionette" "-profile" "/var/folders/2c/7x1pgq_s7573kb74v4mxgcdw0000gn/T/rust_mozprofile.kolympDWwoPX"
1515395739273	Marionette	INFO	Listening on port 55853
1515395739507	Marionette	WARN	TLS certificate errors will be ignored for this session
1515395739724	Marionette	DEBUG	loaded listener.js
1515395739758	Marionette	DEBUG	Received DOM event "beforeunload" for "about:blank"
2018-01-08 07:15:39.783 plugin-container[78670:22649728] *** CFMessagePort: bootstrap_register(): failed 1100 (0x44c) 'Permission denied', port = 0xae3b, name = 'com.apple.tsm.portname'
See /usr/include/servers/bootstrap_defs.h for the error codes.
1515395739894	Marionette	DEBUG	Received DOM event "pagehide" for "about:blank"
1515395739894	Marionette	DEBUG	Received DOM event "unload" for "about:blank"
1515395739900	Marionette	DEBUG	Received DOM event "DOMContentLoaded" for "http://localhost:8081/"
1515395739917	Marionette	DEBUG	Received DOM event "pageshow" for "http://localhost:8081/"
1515395742355	Marionette	INFO	New connections will no longer be accepted
1515395742479	geckodriver	INFO	geckodriver 0.19.1
1515395742483	geckodriver	INFO	Listening on 127.0.0.1:55919
1515395742866	mozrunner::runner	INFO	Running command: "/Applications/Firefox.app/Contents/MacOS/firefox-bin" "-marionette" "-profile" "/var/folders/2c/7x1pgq_s7573kb74v4mxgcdw0000gn/T/rust_mozprofile.2EACOBKSBVCa"
1515395744720	Marionette	INFO	Listening on port 55926
1515395744827	Marionette	WARN	TLS certificate errors will be ignored for this session
1515395745012	Marionette	DEBUG	loaded listener.js
1515395745041	Marionette	DEBUG	Received DOM event "beforeunload" for "about:blank"
2018-01-08 07:15:45.088 plugin-container[78674:22650388] *** CFMessagePort: bootstrap_register(): failed 1100 (0x44c) 'Permission denied', port = 0xaa37, name = 'com.apple.tsm.portname'
See /usr/include/servers/bootstrap_defs.h for the error codes.
1515395745169	Marionette	DEBUG	Received DOM event "pagehide" for "about:blank"
1515395745170	Marionette	DEBUG	Received DOM event "unload" for "about:blank"
1515395745175	Marionette	DEBUG	Received DOM event "DOMContentLoaded" for "http://localhost:8081/"
1515395745191	Marionette	DEBUG	Received DOM event "pageshow" for "http://localhost:8081/"
1515395746392	Marionette	INFO	New connections will no longer be accepted
1515395883457	geckodriver	INFO	geckodriver 0.19.1
1515395883461	geckodriver	INFO	Listening on 127.0.0.1:55971
1515395883848	mozrunner::runner	INFO	Running command: "/Applications/Firefox.app/Contents/MacOS/firefox-bin" "-marionette" "-profile" "/var/folders/2c/7x1pgq_s7573kb74v4mxgcdw0000gn/T/rust_mozprofile.qFwSZbrpvV8Q"
1515395886287	Marionette	INFO	Listening on port 55978
1515395886446	Marionette	WARN	TLS certificate errors will be ignored for this session
1515395886579	Marionette	DEBUG	loaded listener.js
1515395886609	Marionette	DEBUG	Received DOM event "beforeunload" for "about:blank"
2018-01-08 07:18:06.638 plugin-container[78719:22652813] *** CFMessagePort: bootstrap_register(): failed 1100 (0x44c) 'Permission denied', port = 0xb20f, name = 'com.apple.tsm.portname'
See /usr/include/servers/bootstrap_defs.h for the error codes.
1515395886747	Marionette	DEBUG	Received DOM event "pagehide" for "about:blank"
1515395886747	Marionette	DEBUG	Received DOM event "unload" for "about:blank"
1515395886752	Marionette	DEBUG	Received DOM event "DOMContentLoaded" for "http://localhost:8081/"
1515395886768	Marionette	DEBUG	Received DOM event "pageshow" for "http://localhost:8081/"
1515395892125	Marionette	INFO	New connections will no longer be accepted
1515395900318	geckodriver	INFO	geckodriver 0.19.1
1515395900322	geckodriver	INFO	Listening on 127.0.0.1:56032
1515395900704	mozrunner::runner	INFO	Running command: "/Applications/Firefox.app/Contents/MacOS/firefox-bin" "-marionette" "-profile" "/var/folders/2c/7x1pgq_s7573kb74v4mxgcdw0000gn/T/rust_mozprofile.Vjw4neQjuGk4"
1515395903078	Marionette	INFO	Listening on port 56039
1515395903269	Marionette	WARN	TLS certificate errors will be ignored for this session
1515395903379	Marionette	DEBUG	loaded listener.js
1515395903408	Marionette	DEBUG	Received DOM event "beforeunload" for "about:blank"
2018-01-08 07:18:23.434 plugin-container[78727:22653616] *** CFMessagePort: bootstrap_register(): failed 1100 (0x44c) 'Permission denied', port = 0xae3b, name = 'com.apple.tsm.portname'
See /usr/include/servers/bootstrap_defs.h for the error codes.
1515395903547	Marionette	DEBUG	Received DOM event "pagehide" for "about:blank"
1515395903547	Marionette	DEBUG	Received DOM event "unload" for "about:blank"
1515395903552	Marionette	DEBUG	Received DOM event "DOMContentLoaded" for "http://localhost:8081/"
1515395903567	Marionette	DEBUG	Received DOM event "pageshow" for "http://localhost:8081/"
1515395908878	Marionette	INFO	New connections will no longer be accepted
1515396095850	geckodriver	INFO	geckodriver 0.19.1
1515396095854	geckodriver	INFO	Listening on 127.0.0.1:56094
1515396096241	mozrunner::runner	INFO	Running command: "/Applications/Firefox.app/Contents/MacOS/firefox-bin" "-marionette" "-profile" "/var/folders/2c/7x1pgq_s7573kb74v4mxgcdw0000gn/T/rust_mozprofile.fl8Gzz4eN7PR"
1515396098701	Marionette	INFO	Listening on port 56101
1515396098813	Marionette	WARN	TLS certificate errors will be ignored for this session
1515396098982	Marionette	DEBUG	loaded listener.js
1515396099008	Marionette	DEBUG	Received DOM event "beforeunload" for "about:blank"
2018-01-08 07:21:39.058 plugin-container[78769:22655958] *** CFMessagePort: bootstrap_register(): failed 1100 (0x44c) 'Permission denied', port = 0xa93b, name = 'com.apple.tsm.portname'
See /usr/include/servers/bootstrap_defs.h for the error codes.
1515396099158	Marionette	DEBUG	Received DOM event "pagehide" for "about:blank"
1515396099158	Marionette	DEBUG	Received DOM event "unload" for "about:blank"
1515396099163	Marionette	DEBUG	Received DOM event "DOMContentLoaded" for "http://localhost:8081/"
1515396099180	Marionette	DEBUG	Received DOM event "pageshow" for "http://localhost:8081/"
1515396104508	Marionette	INFO	New connections will no longer be accepted
1515396512351	geckodriver	INFO	geckodriver 0.19.1
1515396512356	geckodriver	INFO	Listening on 127.0.0.1:56215
1515396512738	mozrunner::runner	INFO	Running command: "/Applications/Firefox.app/Contents/MacOS/firefox-bin" "-marionette" "-profile" "/var/folders/2c/7x1pgq_s7573kb74v4mxgcdw0000gn/T/rust_mozprofile.6iQSlp9PpcYA"
1515396515179	Marionette	INFO	Listening on port 56222
1515396515306	Marionette	WARN	TLS certificate errors will be ignored for this session
1515396515486	Marionette	DEBUG	loaded listener.js
1515396515513	Marionette	DEBUG	Received DOM event "beforeunload" for "about:blank"
2018-01-08 07:28:35.563 plugin-container[78880:22662143] *** CFMessagePort: bootstrap_register(): failed 1100 (0x44c) 'Permission denied', port = 0xa93b, name = 'com.apple.tsm.portname'
See /usr/include/servers/bootstrap_defs.h for the error codes.
1515396515659	Marionette	DEBUG	Received DOM event "pagehide" for "about:blank"
1515396515660	Marionette	DEBUG	Received DOM event "unload" for "about:blank"
1515396515666	Marionette	DEBUG	Received DOM event "DOMContentLoaded" for "http://localhost:8081/"
1515396515683	Marionette	DEBUG	Received DOM event "pageshow" for "http://localhost:8081/"
1515396518116	Marionette	INFO	New connections will no longer be accepted
1515396518238	geckodriver	INFO	geckodriver 0.19.1
1515396518242	geckodriver	INFO	Listening on 127.0.0.1:56288
1515396518625	mozrunner::runner	INFO	Running command: "/Applications/Firefox.app/Contents/MacOS/firefox-bin" "-marionette" "-profile" "/var/folders/2c/7x1pgq_s7573kb74v4mxgcdw0000gn/T/rust_mozprofile.56hdsTE3h6dQ"
1515396520485	Marionette	INFO	Listening on port 56295
1515396520614	Marionette	WARN	TLS certificate errors will be ignored for this session
1515396520774	Marionette	DEBUG	loaded listener.js
1515396520803	Marionette	DEBUG	Received DOM event "beforeunload" for "about:blank"
2018-01-08 07:28:40.829 plugin-container[78885:22662774] *** CFMessagePort: bootstrap_register(): failed 1100 (0x44c) 'Permission denied', port = 0xa937, name = 'com.apple.tsm.portname'
See /usr/include/servers/bootstrap_defs.h for the error codes.
1515396520919	Marionette	DEBUG	Received DOM event "pagehide" for "about:blank"
1515396520919	Marionette	DEBUG	Received DOM event "unload" for "about:blank"
1515396520924	Marionette	DEBUG	Received DOM event "DOMContentLoaded" for "http://localhost:8081/"
1515396520939	Marionette	DEBUG	Received DOM event "pageshow" for "http://localhost:8081/"
1515396522146	Marionette	INFO	New connections will no longer be accepted
1515401472872	geckodriver	INFO	geckodriver 0.19.1
1515401472877	geckodriver	INFO	Listening on 127.0.0.1:56949
1515401473341	mozrunner::runner	INFO	Running command: "/Applications/Firefox.app/Contents/MacOS/firefox-bin" "-marionette" "-profile" "/var/folders/2c/7x1pgq_s7573kb74v4mxgcdw0000gn/T/rust_mozprofile.UrlYXU91LUoI"
1515401476396	Marionette	INFO	Listening on port 56956
1515401476522	Marionette	WARN	TLS certificate errors will be ignored for this session
1515401476713	Marionette	DEBUG	loaded listener.js
1515401476742	Marionette	DEBUG	Received DOM event "beforeunload" for "about:blank"
2018-01-08 08:51:16.781 plugin-container[80279:22752184] *** CFMessagePort: bootstrap_register(): failed 1100 (0x44c) 'Permission denied', port = 0xaa3b, name = 'com.apple.tsm.portname'
See /usr/include/servers/bootstrap_defs.h for the error codes.
1515401476892	Marionette	DEBUG	Received DOM event "pagehide" for "about:blank"
1515401476892	Marionette	DEBUG	Received DOM event "unload" for "about:blank"
1515401476897	Marionette	DEBUG	Received DOM event "DOMContentLoaded" for "http://localhost:8081/"
1515401476915	Marionette	DEBUG	Received DOM event "pageshow" for "http://localhost:8081/"
1515401479353	Marionette	INFO	New connections will no longer be accepted
1515401479493	geckodriver	INFO	geckodriver 0.19.1
1515401479497	geckodriver	INFO	Listening on 127.0.0.1:57026
1515401479876	mozrunner::runner	INFO	Running command: "/Applications/Firefox.app/Contents/MacOS/firefox-bin" "-marionette" "-profile" "/var/folders/2c/7x1pgq_s7573kb74v4mxgcdw0000gn/T/rust_mozprofile.CQttfAPb48ri"
1515401481778	Marionette	INFO	Listening on port 57033
1515401481843	Marionette	WARN	TLS certificate errors will be ignored for this session
1515401482074	Marionette	DEBUG	loaded listener.js
1515401482101	Marionette	DEBUG	Received DOM event "beforeunload" for "about:blank"
2018-01-08 08:51:22.146 plugin-container[80282:22752789] *** CFMessagePort: bootstrap_register(): failed 1100 (0x44c) 'Permission denied', port = 0xae27, name = 'com.apple.tsm.portname'
See /usr/include/servers/bootstrap_defs.h for the error codes.
1515401482230	Marionette	DEBUG	Received DOM event "pagehide" for "about:blank"
1515401482230	Marionette	DEBUG	Received DOM event "unload" for "about:blank"
1515401482235	Marionette	DEBUG	Received DOM event "DOMContentLoaded" for "http://localhost:8081/"
1515401482251	Marionette	DEBUG	Received DOM event "pageshow" for "http://localhost:8081/"
1515401483464	Marionette	INFO	New connections will no longer be accepted
1515401483620	geckodriver	INFO	geckodriver 0.19.1
1515401483624	geckodriver	INFO	Listening on 127.0.0.1:57071
1515401484003	mozrunner::runner	INFO	Running command: "/Applications/Firefox.app/Contents/MacOS/firefox-bin" "-marionette" "-profile" "/var/folders/2c/7x1pgq_s7573kb74v4mxgcdw0000gn/T/rust_mozprofile.uDYHCYSKea53"
1515401485890	Marionette	INFO	Listening on port 57078
1515401485963	Marionette	WARN	TLS certificate errors will be ignored for this session
1515401486200	Marionette	DEBUG	loaded listener.js
1515401486226	Marionette	DEBUG	Received DOM event "beforeunload" for "about:blank"
2018-01-08 08:51:26.266 plugin-container[80287:22753478] *** CFMessagePort: bootstrap_register(): failed 1100 (0x44c) 'Permission denied', port = 0xae3b, name = 'com.apple.tsm.portname'
See /usr/include/servers/bootstrap_defs.h for the error codes.
1515401486355	Marionette	DEBUG	Received DOM event "pagehide" for "about:blank"
1515401486356	Marionette	DEBUG	Received DOM event "unload" for "about:blank"
1515401486361	Marionette	DEBUG	Received DOM event "DOMContentLoaded" for "http://localhost:8081/"
1515401486377	Marionette	DEBUG	Received DOM event "pageshow" for "http://localhost:8081/"
1515401486533	Marionette	INFO	New connections will no longer be accepted
1515401575388	geckodriver	INFO	geckodriver 0.19.1
1515401575392	geckodriver	INFO	Listening on 127.0.0.1:57111
1515401575784	mozrunner::runner	INFO	Running command: "/Applications/Firefox.app/Contents/MacOS/firefox-bin" "-marionette" "-profile" "/var/folders/2c/7x1pgq_s7573kb74v4mxgcdw0000gn/T/rust_mozprofile.svCg8tLu8Z0N"
1515401578203	Marionette	INFO	Listening on port 57118
1515401578352	Marionette	WARN	TLS certificate errors will be ignored for this session
1515401578509	Marionette	DEBUG	loaded listener.js
1515401578541	Marionette	DEBUG	Received DOM event "beforeunload" for "about:blank"
2018-01-08 08:52:58.567 plugin-container[80310:22754989] *** CFMessagePort: bootstrap_register(): failed 1100 (0x44c) 'Permission denied', port = 0xaf2b, name = 'com.apple.tsm.portname'
See /usr/include/servers/bootstrap_defs.h for the error codes.
1515401578682	Marionette	DEBUG	Received DOM event "pagehide" for "about:blank"
1515401578682	Marionette	DEBUG	Received DOM event "unload" for "about:blank"
1515401578687	Marionette	DEBUG	Received DOM event "DOMContentLoaded" for "http://localhost:8081/"
1515401578704	Marionette	DEBUG	Received DOM event "pageshow" for "http://localhost:8081/"
1515401581121	Marionette	INFO	New connections will no longer be accepted
[GFX1-]: Receive IPC close with reason=AbnormalShutdown
1515401581261	geckodriver	INFO	geckodriver 0.19.1
1515401581264	geckodriver	INFO	Listening on 127.0.0.1:57183
1515401581644	mozrunner::runner	INFO	Running command: "/Applications/Firefox.app/Contents/MacOS/firefox-bin" "-marionette" "-profile" "/var/folders/2c/7x1pgq_s7573kb74v4mxgcdw0000gn/T/rust_mozprofile.Rorpqmf70U4t"
1515401583515	Marionette	INFO	Listening on port 57190
1515401583608	Marionette	WARN	TLS certificate errors will be ignored for this session
1515401583817	Marionette	DEBUG	loaded listener.js
1515401583843	Marionette	DEBUG	Received DOM event "beforeunload" for "about:blank"
2018-01-08 08:53:03.882 plugin-container[80313:22755619] *** CFMessagePort: bootstrap_register(): failed 1100 (0x44c) 'Permission denied', port = 0xa83b, name = 'com.apple.tsm.portname'
See /usr/include/servers/bootstrap_defs.h for the error codes.
1515401583973	Marionette	DEBUG	Received DOM event "pagehide" for "about:blank"
1515401583973	Marionette	DEBUG	Received DOM event "unload" for "about:blank"
1515401583979	Marionette	DEBUG	Received DOM event "DOMContentLoaded" for "http://localhost:8081/"
1515401583997	Marionette	DEBUG	Received DOM event "pageshow" for "http://localhost:8081/"
1515401585205	Marionette	INFO	New connections will no longer be accepted
1515401585363	geckodriver	INFO	geckodriver 0.19.1
1515401585368	geckodriver	INFO	Listening on 127.0.0.1:57227
1515401585752	mozrunner::runner	INFO	Running command: "/Applications/Firefox.app/Contents/MacOS/firefox-bin" "-marionette" "-profile" "/var/folders/2c/7x1pgq_s7573kb74v4mxgcdw0000gn/T/rust_mozprofile.QHNn3GqRXkQX"
1515401587663	Marionette	INFO	Listening on port 57234
1515401587721	Marionette	WARN	TLS certificate errors will be ignored for this session
1515401587960	Marionette	DEBUG	loaded listener.js
1515401587991	Marionette	DEBUG	Received DOM event "beforeunload" for "about:blank"
2018-01-08 08:53:08.030 plugin-container[80317:22756249] *** CFMessagePort: bootstrap_register(): failed 1100 (0x44c) 'Permission denied', port = 0xa93b, name = 'com.apple.tsm.portname'
See /usr/include/servers/bootstrap_defs.h for the error codes.
1515401588119	Marionette	DEBUG	Received DOM event "pagehide" for "about:blank"
1515401588119	Marionette	DEBUG	Received DOM event "unload" for "about:blank"
1515401588124	Marionette	DEBUG	Received DOM event "DOMContentLoaded" for "http://localhost:8081/"
1515401588141	Marionette	DEBUG	Received DOM event "pageshow" for "http://localhost:8081/"
1515401588294	Marionette	INFO	New connections will no longer be accepted
1515401701514	geckodriver	INFO	geckodriver 0.19.1
1515401701518	geckodriver	INFO	Listening on 127.0.0.1:57312
1515401701905	mozrunner::runner	INFO	Running command: "/Applications/Firefox.app/Contents/MacOS/firefox-bin" "-marionette" "-profile" "/var/folders/2c/7x1pgq_s7573kb74v4mxgcdw0000gn/T/rust_mozprofile.aMLJN11ImlX1"
1515401704337	Marionette	INFO	Listening on port 57319
1515401704463	Marionette	WARN	TLS certificate errors will be ignored for this session
1515401704634	Marionette	DEBUG	loaded listener.js
1515401704669	Marionette	DEBUG	Received DOM event "beforeunload" for "about:blank"
2018-01-08 08:55:04.700 plugin-container[80368:22759268] *** CFMessagePort: bootstrap_register(): failed 1100 (0x44c) 'Permission denied', port = 0xaa3b, name = 'com.apple.tsm.portname'
See /usr/include/servers/bootstrap_defs.h for the error codes.
1515401704814	Marionette	DEBUG	Received DOM event "pagehide" for "about:blank"
1515401704815	Marionette	DEBUG	Received DOM event "unload" for "about:blank"
1515401704819	Marionette	DEBUG	Received DOM event "DOMContentLoaded" for "http://localhost:8081/"
1515401704836	Marionette	DEBUG	Received DOM event "pageshow" for "http://localhost:8081/"
1515401707288	Marionette	INFO	New connections will no longer be accepted
1515401707468	geckodriver	INFO	geckodriver 0.19.1
1515401707474	geckodriver	INFO	Listening on 127.0.0.1:57385
1515401707851	mozrunner::runner	INFO	Running command: "/Applications/Firefox.app/Contents/MacOS/firefox-bin" "-marionette" "-profile" "/var/folders/2c/7x1pgq_s7573kb74v4mxgcdw0000gn/T/rust_mozprofile.uh3rhKvGMlCn"
1515401709695	Marionette	INFO	Listening on port 57392
1515401709889	Marionette	WARN	TLS certificate errors will be ignored for this session
1515401709995	Marionette	DEBUG	loaded listener.js
1515401710024	Marionette	DEBUG	Received DOM event "beforeunload" for "about:blank"
2018-01-08 08:55:10.043 plugin-container[80372:22759929] *** CFMessagePort: bootstrap_register(): failed 1100 (0x44c) 'Permission denied', port = 0xa93b, name = 'com.apple.tsm.portname'
See /usr/include/servers/bootstrap_defs.h for the error codes.
1515401710145	Marionette	DEBUG	Received DOM event "pagehide" for "about:blank"
1515401710146	Marionette	DEBUG	Received DOM event "unload" for "about:blank"
1515401710151	Marionette	DEBUG	Received DOM event "DOMContentLoaded" for "http://localhost:8081/"
1515401710167	Marionette	DEBUG	Received DOM event "pageshow" for "http://localhost:8081/"
1515401711374	Marionette	INFO	New connections will no longer be accepted
1515401711534	geckodriver	INFO	geckodriver 0.19.1
1515401711538	geckodriver	INFO	Listening on 127.0.0.1:57430
1515401711916	mozrunner::runner	INFO	Running command: "/Applications/Firefox.app/Contents/MacOS/firefox-bin" "-marionette" "-profile" "/var/folders/2c/7x1pgq_s7573kb74v4mxgcdw0000gn/T/rust_mozprofile.2KnacQTpDA7u"
1515401713783	Marionette	INFO	Listening on port 57437
1515401713876	Marionette	WARN	TLS certificate errors will be ignored for this session
1515401714058	Marionette	DEBUG	loaded listener.js
1515401714086	Marionette	DEBUG	Received DOM event "beforeunload" for "about:blank"
2018-01-08 08:55:14.124 plugin-container[80375:22760557] *** CFMessagePort: bootstrap_register(): failed 1100 (0x44c) 'Permission denied', port = 0xa93b, name = 'com.apple.tsm.portname'
See /usr/include/servers/bootstrap_defs.h for the error codes.
1515401714214	Marionette	DEBUG	Received DOM event "pagehide" for "about:blank"
1515401714214	Marionette	DEBUG	Received DOM event "unload" for "about:blank"
1515401714219	Marionette	DEBUG	Received DOM event "DOMContentLoaded" for "http://localhost:8081/"
1515401714236	Marionette	DEBUG	Received DOM event "pageshow" for "http://localhost:8081/"
1515401714388	Marionette	INFO	New connections will no longer be accepted
1515401725699	geckodriver	INFO	geckodriver 0.19.1
1515401725703	geckodriver	INFO	Listening on 127.0.0.1:57470
1515401726084	mozrunner::runner	INFO	Running command: "/Applications/Firefox.app/Contents/MacOS/firefox-bin" "-marionette" "-profile" "/var/folders/2c/7x1pgq_s7573kb74v4mxgcdw0000gn/T/rust_mozprofile.sisgCu1m7Zfk"
1515401728452	Marionette	INFO	Listening on port 57477
1515401728689	Marionette	WARN	TLS certificate errors will be ignored for this session
1515401728742	Marionette	DEBUG	loaded listener.js
1515401728772	Marionette	DEBUG	Received DOM event "beforeunload" for "about:blank"
2018-01-08 08:55:28.791 plugin-container[80385:22761396] *** CFMessagePort: bootstrap_register(): failed 1100 (0x44c) 'Permission denied', port = 0xae37, name = 'com.apple.tsm.portname'
See /usr/include/servers/bootstrap_defs.h for the error codes.
1515401728907	Marionette	DEBUG	Received DOM event "pagehide" for "about:blank"
1515401728908	Marionette	DEBUG	Received DOM event "unload" for "about:blank"
1515401728912	Marionette	DEBUG	Received DOM event "DOMContentLoaded" for "http://localhost:8081/"
1515401728928	Marionette	DEBUG	Received DOM event "pageshow" for "http://localhost:8081/"
1515401731344	Marionette	INFO	New connections will no longer be accepted
1515401731472	geckodriver	INFO	geckodriver 0.19.1
1515401731477	geckodriver	INFO	Listening on 127.0.0.1:57542
1515401731854	mozrunner::runner	INFO	Running command: "/Applications/Firefox.app/Contents/MacOS/firefox-bin" "-marionette" "-profile" "/var/folders/2c/7x1pgq_s7573kb74v4mxgcdw0000gn/T/rust_mozprofile.TwZreaEdujuj"
1515401733720	Marionette	INFO	Listening on port 57549
1515401733810	Marionette	WARN	TLS certificate errors will be ignored for this session
1515401734014	Marionette	DEBUG	loaded listener.js
1515401734040	Marionette	DEBUG	Received DOM event "beforeunload" for "about:blank"
2018-01-08 08:55:34.078 plugin-container[80388:22762024] *** CFMessagePort: bootstrap_register(): failed 1100 (0x44c) 'Permission denied', port = 0xae3b, name = 'com.apple.tsm.portname'
See /usr/include/servers/bootstrap_defs.h for the error codes.
1515401734168	Marionette	DEBUG	Received DOM event "pagehide" for "about:blank"
1515401734168	Marionette	DEBUG	Received DOM event "unload" for "about:blank"
1515401734173	Marionette	DEBUG	Received DOM event "DOMContentLoaded" for "http://localhost:8081/"
1515401734190	Marionette	DEBUG	Received DOM event "pageshow" for "http://localhost:8081/"
1515401735390	Marionette	INFO	New connections will no longer be accepted
1515401735533	geckodriver	INFO	geckodriver 0.19.1
1515401735537	geckodriver	INFO	Listening on 127.0.0.1:57587
1515401735916	mozrunner::runner	INFO	Running command: "/Applications/Firefox.app/Contents/MacOS/firefox-bin" "-marionette" "-profile" "/var/folders/2c/7x1pgq_s7573kb74v4mxgcdw0000gn/T/rust_mozprofile.bp8WGDfYOE3N"
1515401737785	Marionette	INFO	Listening on port 57594
1515401737871	Marionette	WARN	TLS certificate errors will be ignored for this session
1515401738071	Marionette	DEBUG	loaded listener.js
1515401738097	Marionette	DEBUG	Received DOM event "beforeunload" for "about:blank"
2018-01-08 08:55:38.136 plugin-container[80392:22762649] *** CFMessagePort: bootstrap_register(): failed 1100 (0x44c) 'Permission denied', port = 0xa93b, name = 'com.apple.tsm.portname'
See /usr/include/servers/bootstrap_defs.h for the error codes.
1515401738224	Marionette	DEBUG	Received DOM event "pagehide" for "about:blank"
1515401738224	Marionette	DEBUG	Received DOM event "unload" for "about:blank"
1515401738229	Marionette	DEBUG	Received DOM event "DOMContentLoaded" for "http://localhost:8081/"
1515401738246	Marionette	DEBUG	Received DOM event "pageshow" for "http://localhost:8081/"
1515401738406	Marionette	INFO	New connections will no longer be accepted
1515401756375	geckodriver	INFO	geckodriver 0.19.1
1515401756380	geckodriver	INFO	Listening on 127.0.0.1:57627
1515401756766	mozrunner::runner	INFO	Running command: "/Applications/Firefox.app/Contents/MacOS/firefox-bin" "-marionette" "-profile" "/var/folders/2c/7x1pgq_s7573kb74v4mxgcdw0000gn/T/rust_mozprofile.n9KT9j2ec2Pj"
1515401759279	Marionette	INFO	Listening on port 57634
1515401759365	Marionette	WARN	TLS certificate errors will be ignored for this session
1515401759590	Marionette	DEBUG	loaded listener.js
1515401759618	Marionette	DEBUG	Received DOM event "beforeunload" for "about:blank"
2018-01-08 08:55:59.659 plugin-container[80403:22763638] *** CFMessagePort: bootstrap_register(): failed 1100 (0x44c) 'Permission denied', port = 0xaf3b, name = 'com.apple.tsm.portname'
See /usr/include/servers/bootstrap_defs.h for the error codes.
1515401759765	Marionette	DEBUG	Received DOM event "pagehide" for "about:blank"
1515401759766	Marionette	DEBUG	Received DOM event "unload" for "about:blank"
1515401759772	Marionette	DEBUG	Received DOM event "DOMContentLoaded" for "http://localhost:8081/"
1515401759793	Marionette	DEBUG	Received DOM event "pageshow" for "http://localhost:8081/"
1515401762242	Marionette	INFO	New connections will no longer be accepted
1515401762370	geckodriver	INFO	geckodriver 0.19.1
1515401762373	geckodriver	INFO	Listening on 127.0.0.1:57700
1515401762755	mozrunner::runner	INFO	Running command: "/Applications/Firefox.app/Contents/MacOS/firefox-bin" "-marionette" "-profile" "/var/folders/2c/7x1pgq_s7573kb74v4mxgcdw0000gn/T/rust_mozprofile.XDfSA7LOHxEq"
1515401764650	Marionette	INFO	Listening on port 57707
1515401764715	Marionette	WARN	TLS certificate errors will be ignored for this session
1515401764936	Marionette	DEBUG	loaded listener.js
1515401764963	Marionette	DEBUG	Received DOM event "beforeunload" for "about:blank"
2018-01-08 08:56:05.002 plugin-container[80407:22764414] *** CFMessagePort: bootstrap_register(): failed 1100 (0x44c) 'Permission denied', port = 0xae37, name = 'com.apple.tsm.portname'
See /usr/include/servers/bootstrap_defs.h for the error codes.
1515401765089	Marionette	DEBUG	Received DOM event "pagehide" for "about:blank"
1515401765089	Marionette	DEBUG	Received DOM event "unload" for "about:blank"
1515401765094	Marionette	DEBUG	Received DOM event "DOMContentLoaded" for "http://localhost:8081/"
1515401765111	Marionette	DEBUG	Received DOM event "pageshow" for "http://localhost:8081/"
1515401766321	Marionette	INFO	New connections will no longer be accepted
1515401766476	geckodriver	INFO	geckodriver 0.19.1
1515401766480	geckodriver	INFO	Listening on 127.0.0.1:57745
1515401766859	mozrunner::runner	INFO	Running command: "/Applications/Firefox.app/Contents/MacOS/firefox-bin" "-marionette" "-profile" "/var/folders/2c/7x1pgq_s7573kb74v4mxgcdw0000gn/T/rust_mozprofile.vDmTNNvpxeW1"
1515401768779	Marionette	INFO	Listening on port 57752
1515401768834	Marionette	WARN	TLS certificate errors will be ignored for this session
1515401769061	Marionette	DEBUG	loaded listener.js
1515401769089	Marionette	DEBUG	Received DOM event "beforeunload" for "about:blank"
2018-01-08 08:56:09.126 plugin-container[80411:22765059] *** CFMessagePort: bootstrap_register(): failed 1100 (0x44c) 'Permission denied', port = 0xa937, name = 'com.apple.tsm.portname'
See /usr/include/servers/bootstrap_defs.h for the error codes.
1515401769215	Marionette	DEBUG	Received DOM event "pagehide" for "about:blank"
1515401769215	Marionette	DEBUG	Received DOM event "unload" for "about:blank"
1515401769220	Marionette	DEBUG	Received DOM event "DOMContentLoaded" for "http://localhost:8081/"
1515401769237	Marionette	DEBUG	Received DOM event "pageshow" for "http://localhost:8081/"
1515401769401	Marionette	INFO	New connections will no longer be accepted
1515401926736	geckodriver	INFO	geckodriver 0.19.1
1515401926740	geckodriver	INFO	Listening on 127.0.0.1:58085
1515401927136	mozrunner::runner	INFO	Running command: "/Applications/Firefox.app/Contents/MacOS/firefox-bin" "-marionette" "-profile" "/var/folders/2c/7x1pgq_s7573kb74v4mxgcdw0000gn/T/rust_mozprofile.oOAnAd68tWx3"
1515401929590	Marionette	INFO	Listening on port 58092
1515401929708	Marionette	WARN	TLS certificate errors will be ignored for this session
1515401929887	Marionette	DEBUG	loaded listener.js
1515401929917	Marionette	DEBUG	Received DOM event "beforeunload" for "about:blank"
2018-01-08 08:58:49.937 plugin-container[80484:22769381] *** CFMessagePort: bootstrap_register(): failed 1100 (0x44c) 'Permission denied', port = 0xa93b, name = 'com.apple.tsm.portname'
See /usr/include/servers/bootstrap_defs.h for the error codes.
1515401930053	Marionette	DEBUG	Received DOM event "pagehide" for "about:blank"
1515401930054	Marionette	DEBUG	Received DOM event "unload" for "about:blank"
1515401930058	Marionette	DEBUG	Received DOM event "DOMContentLoaded" for "http://localhost:8081/"
1515401930075	Marionette	DEBUG	Received DOM event "pageshow" for "http://localhost:8081/"
1515401932470	Marionette	INFO	New connections will no longer be accepted
1515401932599	geckodriver	INFO	geckodriver 0.19.1
1515401932603	geckodriver	INFO	Listening on 127.0.0.1:58178
1515401932977	mozrunner::runner	INFO	Running command: "/Applications/Firefox.app/Contents/MacOS/firefox-bin" "-marionette" "-profile" "/var/folders/2c/7x1pgq_s7573kb74v4mxgcdw0000gn/T/rust_mozprofile.39nrQEAwZ2yA"
1515401934856	Marionette	INFO	Listening on port 58185
1515401934936	Marionette	WARN	TLS certificate errors will be ignored for this session
1515401935135	Marionette	DEBUG	loaded listener.js
1515401935161	Marionette	DEBUG	Received DOM event "beforeunload" for "about:blank"
2018-01-08 08:58:55.200 plugin-container[80487:22770010] *** CFMessagePort: bootstrap_register(): failed 1100 (0x44c) 'Permission denied', port = 0xa83b, name = 'com.apple.tsm.portname'
See /usr/include/servers/bootstrap_defs.h for the error codes.
1515401935290	Marionette	DEBUG	Received DOM event "pagehide" for "about:blank"
1515401935291	Marionette	DEBUG	Received DOM event "unload" for "about:blank"
1515401935296	Marionette	DEBUG	Received DOM event "DOMContentLoaded" for "http://localhost:8081/"
1515401935312	Marionette	DEBUG	Received DOM event "pageshow" for "http://localhost:8081/"
1515401936514	Marionette	INFO	New connections will no longer be accepted
1515401936653	geckodriver	INFO	geckodriver 0.19.1
1515401936657	geckodriver	INFO	Listening on 127.0.0.1:58235
1515401937034	mozrunner::runner	INFO	Running command: "/Applications/Firefox.app/Contents/MacOS/firefox-bin" "-marionette" "-profile" "/var/folders/2c/7x1pgq_s7573kb74v4mxgcdw0000gn/T/rust_mozprofile.Xof6LF3weVtk"
1515401938891	Marionette	INFO	Listening on port 58246
1515401938985	Marionette	WARN	TLS certificate errors will be ignored for this session
1515401939180	Marionette	DEBUG	loaded listener.js
1515401939207	Marionette	DEBUG	Received DOM event "beforeunload" for "about:blank"
2018-01-08 08:58:59.244 plugin-container[80491:22770659] *** CFMessagePort: bootstrap_register(): failed 1100 (0x44c) 'Permission denied', port = 0xa83b, name = 'com.apple.tsm.portname'
See /usr/include/servers/bootstrap_defs.h for the error codes.
1515401939336	Marionette	DEBUG	Received DOM event "pagehide" for "about:blank"
1515401939336	Marionette	DEBUG	Received DOM event "unload" for "about:blank"
1515401939341	Marionette	DEBUG	Received DOM event "DOMContentLoaded" for "http://localhost:8081/"
1515401939358	Marionette	DEBUG	Received DOM event "pageshow" for "http://localhost:8081/"
1515401939523	Marionette	INFO	New connections will no longer be accepted
1515402009418	geckodriver	INFO	geckodriver 0.19.1
1515402009423	geckodriver	INFO	Listening on 127.0.0.1:58526
1515402009806	mozrunner::runner	INFO	Running command: "/Applications/Firefox.app/Contents/MacOS/firefox-bin" "-marionette" "-profile" "/var/folders/2c/7x1pgq_s7573kb74v4mxgcdw0000gn/T/rust_mozprofile.mcRWfSew2BFO"
1515402012277	Marionette	INFO	Listening on port 58533
1515402012377	Marionette	WARN	TLS certificate errors will be ignored for this session
1515402012566	Marionette	DEBUG	loaded listener.js
1515402012600	Marionette	DEBUG	Received DOM event "beforeunload" for "about:blank"
2018-01-08 09:00:12.631 plugin-container[80509:22772864] *** CFMessagePort: bootstrap_register(): failed 1100 (0x44c) 'Permission denied', port = 0xaf3b, name = 'com.apple.tsm.portname'
See /usr/include/servers/bootstrap_defs.h for the error codes.
1515402012749	Marionette	DEBUG	Received DOM event "pagehide" for "about:blank"
1515402012749	Marionette	DEBUG	Received DOM event "unload" for "about:blank"
1515402012754	Marionette	DEBUG	Received DOM event "DOMContentLoaded" for "http://localhost:8081/"
1515402012770	Marionette	DEBUG	Received DOM event "pageshow" for "http://localhost:8081/"
1515402015200	Marionette	INFO	New connections will no longer be accepted
1515402015327	geckodriver	INFO	geckodriver 0.19.1
1515402015331	geckodriver	INFO	Listening on 127.0.0.1:58620
1515402015710	mozrunner::runner	INFO	Running command: "/Applications/Firefox.app/Contents/MacOS/firefox-bin" "-marionette" "-profile" "/var/folders/2c/7x1pgq_s7573kb74v4mxgcdw0000gn/T/rust_mozprofile.y3ZtOhpMQEcz"
1515402017611	Marionette	INFO	Listening on port 58627
1515402017764	Marionette	WARN	TLS certificate errors will be ignored for this session
1515402017915	Marionette	DEBUG	loaded listener.js
1515402017946	Marionette	DEBUG	Received DOM event "beforeunload" for "about:blank"
2018-01-08 09:00:17.965 plugin-container[80513:22773558] *** CFMessagePort: bootstrap_register(): failed 1100 (0x44c) 'Permission denied', port = 0xaf3b, name = 'com.apple.tsm.portname'
See /usr/include/servers/bootstrap_defs.h for the error codes.
1515402018062	Marionette	DEBUG	Received DOM event "pagehide" for "about:blank"
1515402018062	Marionette	DEBUG	Received DOM event "unload" for "about:blank"
1515402018067	Marionette	DEBUG	Received DOM event "DOMContentLoaded" for "http://localhost:8081/"
1515402018083	Marionette	DEBUG	Received DOM event "pageshow" for "http://localhost:8081/"
1515402019388	Marionette	INFO	New connections will no longer be accepted
1515402019552	geckodriver	INFO	geckodriver 0.19.1
1515402019556	geckodriver	INFO	Listening on 127.0.0.1:58678
1515402019931	mozrunner::runner	INFO	Running command: "/Applications/Firefox.app/Contents/MacOS/firefox-bin" "-marionette" "-profile" "/var/folders/2c/7x1pgq_s7573kb74v4mxgcdw0000gn/T/rust_mozprofile.cSBH7RcNZu0O"
1515402021814	Marionette	INFO	Listening on port 58685
1515402021893	Marionette	WARN	TLS certificate errors will be ignored for this session
1515402022101	Marionette	DEBUG	loaded listener.js
1515402022134	Marionette	DEBUG	Received DOM event "beforeunload" for "about:blank"
2018-01-08 09:00:22.165 plugin-container[80516:22774450] *** CFMessagePort: bootstrap_register(): failed 1100 (0x44c) 'Permission denied', port = 0xa93b, name = 'com.apple.tsm.portname'
See /usr/include/servers/bootstrap_defs.h for the error codes.
1515402022262	Marionette	DEBUG	Received DOM event "pagehide" for "about:blank"
1515402022262	Marionette	DEBUG	Received DOM event "unload" for "about:blank"
1515402022267	Marionette	DEBUG	Received DOM event "DOMContentLoaded" for "http://localhost:8081/"
1515402022283	Marionette	DEBUG	Received DOM event "pageshow" for "http://localhost:8081/"
1515402022459	Marionette	INFO	New connections will no longer be accepted
1515402104910	geckodriver	INFO	geckodriver 0.19.1
1515402104915	geckodriver	INFO	Listening on 127.0.0.1:59019
1515402105314	mozrunner::runner	INFO	Running command: "/Applications/Firefox.app/Contents/MacOS/firefox-bin" "-marionette" "-profile" "/var/folders/2c/7x1pgq_s7573kb74v4mxgcdw0000gn/T/rust_mozprofile.6Ug0kfhHwajj"
1515402107870	Marionette	INFO	Listening on port 59026
1515402107936	Marionette	WARN	TLS certificate errors will be ignored for this session
1515402108185	Marionette	DEBUG	loaded listener.js
1515402108214	Marionette	DEBUG	Received DOM event "beforeunload" for "about:blank"
2018-01-08 09:01:48.256 plugin-container[80543:22777140] *** CFMessagePort: bootstrap_register(): failed 1100 (0x44c) 'Permission denied', port = 0xae3b, name = 'com.apple.tsm.portname'
See /usr/include/servers/bootstrap_defs.h for the error codes.
1515402108361	Marionette	DEBUG	Received DOM event "pagehide" for "about:blank"
1515402108361	Marionette	DEBUG	Received DOM event "unload" for "about:blank"
1515402108366	Marionette	DEBUG	Received DOM event "DOMContentLoaded" for "http://localhost:8081/"
1515402108382	Marionette	DEBUG	Received DOM event "pageshow" for "http://localhost:8081/"
1515402110843	Marionette	INFO	New connections will no longer be accepted
1515402110967	geckodriver	INFO	geckodriver 0.19.1
1515402110971	geckodriver	INFO	Listening on 127.0.0.1:59112
1515402111346	mozrunner::runner	INFO	Running command: "/Applications/Firefox.app/Contents/MacOS/firefox-bin" "-marionette" "-profile" "/var/folders/2c/7x1pgq_s7573kb74v4mxgcdw0000gn/T/rust_mozprofile.nwnfhq3YghPX"
1515402113239	Marionette	INFO	Listening on port 59119
1515402113317	Marionette	WARN	TLS certificate errors will be ignored for this session
1515402113573	Marionette	DEBUG	loaded listener.js
1515402113600	Marionette	DEBUG	Received DOM event "beforeunload" for "about:blank"
2018-01-08 09:01:53.640 plugin-container[80546:22777607] *** CFMessagePort: bootstrap_register(): failed 1100 (0x44c) 'Permission denied', port = 0xa83b, name = 'com.apple.tsm.portname'
See /usr/include/servers/bootstrap_defs.h for the error codes.
1515402113723	Marionette	DEBUG	Received DOM event "pagehide" for "about:blank"
1515402113723	Marionette	DEBUG	Received DOM event "unload" for "about:blank"
1515402113727	Marionette	DEBUG	Received DOM event "DOMContentLoaded" for "http://localhost:8081/"
1515402113744	Marionette	DEBUG	Received DOM event "pageshow" for "http://localhost:8081/"
1515402114963	Marionette	INFO	New connections will no longer be accepted
[GFX1-]: Receive IPC close with reason=AbnormalShutdown
1515402115119	geckodriver	INFO	geckodriver 0.19.1
1515402115125	geckodriver	INFO	Listening on 127.0.0.1:59169
1515402115502	mozrunner::runner	INFO	Running command: "/Applications/Firefox.app/Contents/MacOS/firefox-bin" "-marionette" "-profile" "/var/folders/2c/7x1pgq_s7573kb74v4mxgcdw0000gn/T/rust_mozprofile.IAXi1q7UWHhn"
1515402117406	Marionette	INFO	Listening on port 59180
1515402117464	Marionette	WARN	TLS certificate errors will be ignored for this session
1515402117689	Marionette	DEBUG	loaded listener.js
1515402117716	Marionette	DEBUG	Received DOM event "beforeunload" for "about:blank"
2018-01-08 09:01:57.758 plugin-container[80550:22778419] *** CFMessagePort: bootstrap_register(): failed 1100 (0x44c) 'Permission denied', port = 0xa93b, name = 'com.apple.tsm.portname'
See /usr/include/servers/bootstrap_defs.h for the error codes.
1515402117848	Marionette	DEBUG	Received DOM event "pagehide" for "about:blank"
1515402117849	Marionette	DEBUG	Received DOM event "unload" for "about:blank"
1515402117854	Marionette	DEBUG	Received DOM event "DOMContentLoaded" for "http://localhost:8081/"
1515402117871	Marionette	DEBUG	Received DOM event "pageshow" for "http://localhost:8081/"
1515402118042	Marionette	INFO	New connections will no longer be accepted
1515460815236	geckodriver	INFO	geckodriver 0.19.1
1515460815240	geckodriver	INFO	Listening on 127.0.0.1:54426
1515460815685	mozrunner::runner	INFO	Running command: "/Applications/Firefox.app/Contents/MacOS/firefox-bin" "-marionette" "-profile" "/var/folders/2c/7x1pgq_s7573kb74v4mxgcdw0000gn/T/rust_mozprofile.MbtP1kLrlkIz"
1515460818873	Marionette	INFO	Listening on port 54433
1515460818921	Marionette	WARN	TLS certificate errors will be ignored for this session
1515460819174	Marionette	DEBUG	loaded listener.js
1515460819201	Marionette	DEBUG	Received DOM event "beforeunload" for "about:blank"
2018-01-09 01:20:19.243 plugin-container[85321:23324964] *** CFMessagePort: bootstrap_register(): failed 1100 (0x44c) 'Permission denied', port = 0xac0f, name = 'com.apple.tsm.portname'
See /usr/include/servers/bootstrap_defs.h for the error codes.
1515460819353	Marionette	DEBUG	Received DOM event "pagehide" for "about:blank"
1515460819353	Marionette	DEBUG	Received DOM event "unload" for "about:blank"
1515460819358	Marionette	DEBUG	Received DOM event "DOMContentLoaded" for "http://localhost:8081/"
1515460819376	Marionette	DEBUG	Received DOM event "pageshow" for "http://localhost:8081/"
1515460821791	Marionette	INFO	New connections will no longer be accepted
1515460821916	geckodriver	INFO	geckodriver 0.19.1
1515460821920	geckodriver	INFO	Listening on 127.0.0.1:54503
1515460822293	mozrunner::runner	INFO	Running command: "/Applications/Firefox.app/Contents/MacOS/firefox-bin" "-marionette" "-profile" "/var/folders/2c/7x1pgq_s7573kb74v4mxgcdw0000gn/T/rust_mozprofile.CzBTMBKBe4vB"
1515460824185	Marionette	INFO	Listening on port 54510
1515460824260	Marionette	WARN	TLS certificate errors will be ignored for this session
1515460824481	Marionette	DEBUG	loaded listener.js
1515460824509	Marionette	DEBUG	Received DOM event "beforeunload" for "about:blank"
2018-01-09 01:20:24.552 plugin-container[85325:23325725] *** CFMessagePort: bootstrap_register(): failed 1100 (0x44c) 'Permission denied', port = 0xa93b, name = 'com.apple.tsm.portname'
See /usr/include/servers/bootstrap_defs.h for the error codes.
1515460824637	Marionette	DEBUG	Received DOM event "pagehide" for "about:blank"
1515460824638	Marionette	DEBUG	Received DOM event "unload" for "about:blank"
1515460824642	Marionette	DEBUG	Received DOM event "DOMContentLoaded" for "http://localhost:8081/"
1515460824659	Marionette	DEBUG	Received DOM event "pageshow" for "http://localhost:8081/"
1515460825864	Marionette	INFO	New connections will no longer be accepted
1515460826007	geckodriver	INFO	geckodriver 0.19.1
1515460826011	geckodriver	INFO	Listening on 127.0.0.1:54548
1515460826392	mozrunner::runner	INFO	Running command: "/Applications/Firefox.app/Contents/MacOS/firefox-bin" "-marionette" "-profile" "/var/folders/2c/7x1pgq_s7573kb74v4mxgcdw0000gn/T/rust_mozprofile.aqRwyHROdzCF"
1515460828290	Marionette	INFO	Listening on port 54555
1515460828356	Marionette	WARN	TLS certificate errors will be ignored for this session
1515460828595	Marionette	DEBUG	loaded listener.js
1515460828623	Marionette	DEBUG	Received DOM event "beforeunload" for "about:blank"
2018-01-09 01:20:28.668 plugin-container[85328:23326527] *** CFMessagePort: bootstrap_register(): failed 1100 (0x44c) 'Permission denied', port = 0xa93b, name = 'com.apple.tsm.portname'
See /usr/include/servers/bootstrap_defs.h for the error codes.
1515460828754	Marionette	DEBUG	Received DOM event "pagehide" for "about:blank"
1515460828754	Marionette	DEBUG	Received DOM event "unload" for "about:blank"
1515460828759	Marionette	DEBUG	Received DOM event "DOMContentLoaded" for "http://localhost:8081/"
1515460828775	Marionette	DEBUG	Received DOM event "pageshow" for "http://localhost:8081/"
1515460828960	Marionette	INFO	New connections will no longer be accepted
1515461955474	geckodriver	INFO	geckodriver 0.19.1
1515461955478	geckodriver	INFO	Listening on 127.0.0.1:54678
1515461955881	mozrunner::runner	INFO	Running command: "/Applications/Firefox.app/Contents/MacOS/firefox-bin" "-marionette" "-profile" "/var/folders/2c/7x1pgq_s7573kb74v4mxgcdw0000gn/T/rust_mozprofile.mgL1tN8bbOya"
1515461958863	Marionette	INFO	Listening on port 54685
1515461958927	Marionette	WARN	TLS certificate errors will be ignored for this session
1515461959243	Marionette	DEBUG	loaded listener.js
1515461959285	Marionette	DEBUG	Received DOM event "beforeunload" for "about:blank"
2018-01-09 01:39:19.359 plugin-container[85538:23367829] *** CFMessagePort: bootstrap_register(): failed 1100 (0x44c) 'Permission denied', port = 0xaf3b, name = 'com.apple.tsm.portname'
See /usr/include/servers/bootstrap_defs.h for the error codes.
1515461959555	Marionette	DEBUG	Received DOM event "pagehide" for "about:blank"
1515461959555	Marionette	DEBUG	Received DOM event "unload" for "about:blank"
1515461959561	Marionette	DEBUG	Received DOM event "DOMContentLoaded" for "http://localhost:8081/"
1515461959569	Marionette	DEBUG	Received DOM event "pageshow" for "http://localhost:8081/"
1515461959614	Marionette	INFO	New connections will no longer be accepted
1515461959836	geckodriver	INFO	geckodriver 0.19.1
1515461959842	geckodriver	INFO	Listening on 127.0.0.1:54734
1515461960259	mozrunner::runner	INFO	Running command: "/Applications/Firefox.app/Contents/MacOS/firefox-bin" "-marionette" "-profile" "/var/folders/2c/7x1pgq_s7573kb74v4mxgcdw0000gn/T/rust_mozprofile.O1u6HY3O3XwH"
1515461962446	Marionette	INFO	Listening on port 54743
1515461962551	Marionette	WARN	TLS certificate errors will be ignored for this session
1515461962747	Marionette	DEBUG	loaded listener.js
1515461962779	Marionette	DEBUG	Received DOM event "beforeunload" for "about:blank"
2018-01-09 01:39:22.829 plugin-container[85545:23368683] *** CFMessagePort: bootstrap_register(): failed 1100 (0x44c) 'Permission denied', port = 0xb037, name = 'com.apple.tsm.portname'
See /usr/include/servers/bootstrap_defs.h for the error codes.
1515461962910	Marionette	DEBUG	Received DOM event "pagehide" for "about:blank"
1515461962910	Marionette	DEBUG	Received DOM event "unload" for "about:blank"
1515461962915	Marionette	DEBUG	Received DOM event "DOMContentLoaded" for "http://localhost:8081/"
1515461962921	Marionette	DEBUG	Received DOM event "pageshow" for "http://localhost:8081/"
1515461966047	Marionette	INFO	New connections will no longer be accepted
1515462245321	geckodriver	INFO	geckodriver 0.19.1
1515462245325	geckodriver	INFO	Listening on 127.0.0.1:54990
1515462245719	mozrunner::runner	INFO	Running command: "/Applications/Firefox.app/Contents/MacOS/firefox-bin" "-marionette" "-profile" "/var/folders/2c/7x1pgq_s7573kb74v4mxgcdw0000gn/T/rust_mozprofile.JzTkuSSDSEvv"
1515462248174	Marionette	INFO	Listening on port 54997
1515462248289	Marionette	WARN	TLS certificate errors will be ignored for this session
1515462248462	Marionette	DEBUG	loaded listener.js
1515462248495	Marionette	DEBUG	Received DOM event "beforeunload" for "about:blank"
2018-01-09 01:44:08.530 plugin-container[85608:23379193] *** CFMessagePort: bootstrap_register(): failed 1100 (0x44c) 'Permission denied', port = 0xaa3b, name = 'com.apple.tsm.portname'
See /usr/include/servers/bootstrap_defs.h for the error codes.
1515462248661	Marionette	DEBUG	Received DOM event "pagehide" for "about:blank"
1515462248661	Marionette	DEBUG	Received DOM event "unload" for "about:blank"
1515462248666	Marionette	DEBUG	Received DOM event "DOMContentLoaded" for "http://localhost:8081/"
1515462248672	Marionette	DEBUG	Received DOM event "pageshow" for "http://localhost:8081/"
1515462248708	Marionette	INFO	New connections will no longer be accepted
1515462248850	geckodriver	INFO	geckodriver 0.19.1
1515462248854	geckodriver	INFO	Listening on 127.0.0.1:55030
1515462249229	mozrunner::runner	INFO	Running command: "/Applications/Firefox.app/Contents/MacOS/firefox-bin" "-marionette" "-profile" "/var/folders/2c/7x1pgq_s7573kb74v4mxgcdw0000gn/T/rust_mozprofile.aAqoPnsiWNWW"
1515462251090	Marionette	INFO	Listening on port 55037
1515462251180	Marionette	WARN	TLS certificate errors will be ignored for this session
1515462251383	Marionette	DEBUG	loaded listener.js
1515462251409	Marionette	DEBUG	Received DOM event "beforeunload" for "about:blank"
2018-01-09 01:44:11.448 plugin-container[85611:23379824] *** CFMessagePort: bootstrap_register(): failed 1100 (0x44c) 'Permission denied', port = 0xaf37, name = 'com.apple.tsm.portname'
See /usr/include/servers/bootstrap_defs.h for the error codes.
1515462251536	Marionette	DEBUG	Received DOM event "pagehide" for "about:blank"
1515462251536	Marionette	DEBUG	Received DOM event "unload" for "about:blank"
1515462251541	Marionette	DEBUG	Received DOM event "DOMContentLoaded" for "http://localhost:8081/"
1515462251546	Marionette	DEBUG	Received DOM event "pageshow" for "http://localhost:8081/"
*************************
A coding exception was thrown and uncaught in a Task.

Full message: TypeError: can't access dead object
Full stack: find_@chrome://marionette/content/element.js:290:7
element.find/</findElements<@chrome://marionette/content/element.js:256:17
evalFn@chrome://marionette/content/wait.js:70:7

*************************
*************************
A coding exception was thrown and uncaught in a Task.

Full message: TypeError: can't access dead object
Full stack: find_@chrome://marionette/content/element.js:290:7
element.find/</findElements<@chrome://marionette/content/element.js:256:17
evalFn@chrome://marionette/content/wait.js:70:7

*************************
Marionette threw an error: [Exception... "Component returned failure code: 0x80070057 (NS_ERROR_ILLEGAL_VALUE) [nsIMessageSender.sendAsyncMessage]"  nsresult: "0x80070057 (NS_ERROR_ILLEGAL_VALUE)"  location: "JS frame :: chrome://marionette/content/proxy.js :: sendReply_ :: line 195"  data: no]
sendReply_@chrome://marionette/content/proxy.js:195:5
reply@chrome://marionette/content/proxy.js:175:7
sendToServer@chrome://marionette/content/listener.js:717:3
sendError@chrome://marionette/content/listener.js:751:3
dispatch/</<@chrome://marionette/content/listener.js:481:40
process@resource://gre/modules/Promise.jsm -> resource://gre/modules/Promise-backend.js:925:21
walkerLoop@resource://gre/modules/Promise.jsm -> resource://gre/modules/Promise-backend.js:806:7
scheduleWalkerLoop/<@resource://gre/modules/Promise.jsm -> resource://gre/modules/Promise-backend.js:742:11

1515462365807	geckodriver	INFO	geckodriver 0.19.1
1515462365811	geckodriver	INFO	Listening on 127.0.0.1:55103
1515462366196	mozrunner::runner	INFO	Running command: "/Applications/Firefox.app/Contents/MacOS/firefox-bin" "-marionette" "-profile" "/var/folders/2c/7x1pgq_s7573kb74v4mxgcdw0000gn/T/rust_mozprofile.MvCw5CtmwfWs"
1515462368652	Marionette	INFO	Listening on port 55110
1515462368773	Marionette	WARN	TLS certificate errors will be ignored for this session
1515462368988	Marionette	DEBUG	loaded listener.js
1515462369051	Marionette	DEBUG	Received DOM event "beforeunload" for "about:blank"
2018-01-09 01:46:09.114 plugin-container[85645:23382798] *** CFMessagePort: bootstrap_register(): failed 1100 (0x44c) 'Permission denied', port = 0xaf37, name = 'com.apple.tsm.portname'
See /usr/include/servers/bootstrap_defs.h for the error codes.
1515462369206	Marionette	DEBUG	Received DOM event "pagehide" for "about:blank"
1515462369206	Marionette	DEBUG	Received DOM event "unload" for "about:blank"
1515462369212	Marionette	DEBUG	Received DOM event "DOMContentLoaded" for "http://localhost:8081/"
1515462369232	Marionette	DEBUG	Received DOM event "pageshow" for "http://localhost:8081/"
1515462371636	Marionette	INFO	New connections will no longer be accepted
1515462371764	geckodriver	INFO	geckodriver 0.19.1
1515462371768	geckodriver	INFO	Listening on 127.0.0.1:55175
1515462372151	mozrunner::runner	INFO	Running command: "/Applications/Firefox.app/Contents/MacOS/firefox-bin" "-marionette" "-profile" "/var/folders/2c/7x1pgq_s7573kb74v4mxgcdw0000gn/T/rust_mozprofile.Wjp5slR3ZQnJ"
1515462374059	Marionette	INFO	Listening on port 55182
1515462374152	Marionette	WARN	TLS certificate errors will be ignored for this session
1515462374345	Marionette	DEBUG	loaded listener.js
1515462374371	Marionette	DEBUG	Received DOM event "beforeunload" for "about:blank"
2018-01-09 01:46:14.413 plugin-container[85648:23383633] *** CFMessagePort: bootstrap_register(): failed 1100 (0x44c) 'Permission denied', port = 0xa937, name = 'com.apple.tsm.portname'
See /usr/include/servers/bootstrap_defs.h for the error codes.
1515462374502	Marionette	DEBUG	Received DOM event "pagehide" for "about:blank"
1515462374502	Marionette	DEBUG	Received DOM event "unload" for "about:blank"
1515462374507	Marionette	DEBUG	Received DOM event "DOMContentLoaded" for "http://localhost:8081/"
1515462374523	Marionette	DEBUG	Received DOM event "pageshow" for "http://localhost:8081/"
1515462375726	Marionette	INFO	New connections will no longer be accepted
1515462375867	geckodriver	INFO	geckodriver 0.19.1
1515462375871	geckodriver	INFO	Listening on 127.0.0.1:55222
1515462376259	mozrunner::runner	INFO	Running command: "/Applications/Firefox.app/Contents/MacOS/firefox-bin" "-marionette" "-profile" "/var/folders/2c/7x1pgq_s7573kb74v4mxgcdw0000gn/T/rust_mozprofile.oJMbyuedOD4Z"
1515462378167	Marionette	INFO	Listening on port 55229
1515462378225	Marionette	WARN	TLS certificate errors will be ignored for this session
1515462378442	Marionette	DEBUG	loaded listener.js
1515462378469	Marionette	DEBUG	Received DOM event "beforeunload" for "about:blank"
2018-01-09 01:46:18.514 plugin-container[85652:23384338] *** CFMessagePort: bootstrap_register(): failed 1100 (0x44c) 'Permission denied', port = 0xb03b, name = 'com.apple.tsm.portname'
See /usr/include/servers/bootstrap_defs.h for the error codes.
1515462378602	Marionette	DEBUG	Received DOM event "pagehide" for "about:blank"
1515462378602	Marionette	DEBUG	Received DOM event "unload" for "about:blank"
1515462378607	Marionette	DEBUG	Received DOM event "DOMContentLoaded" for "http://localhost:8081/"
1515462378623	Marionette	DEBUG	Received DOM event "pageshow" for "http://localhost:8081/"
1515462378797	Marionette	INFO	New connections will no longer be accepted
1515464222999	geckodriver	INFO	geckodriver 0.19.1
1515464223003	geckodriver	INFO	Listening on 127.0.0.1:55573
1515464223402	mozrunner::runner	INFO	Running command: "/Applications/Firefox.app/Contents/MacOS/firefox-bin" "-marionette" "-profile" "/var/folders/2c/7x1pgq_s7573kb74v4mxgcdw0000gn/T/rust_mozprofile.t3xH4gebXnF1"
1515464225928	Marionette	INFO	Listening on port 55580
1515464225997	Marionette	WARN	TLS certificate errors will be ignored for this session
1515464226221	Marionette	DEBUG	loaded listener.js
1515464226248	Marionette	DEBUG	Received DOM event "beforeunload" for "about:blank"
2018-01-09 02:17:06.286 plugin-container[86007:23446653] *** CFMessagePort: bootstrap_register(): failed 1100 (0x44c) 'Permission denied', port = 0xa837, name = 'com.apple.tsm.portname'
See /usr/include/servers/bootstrap_defs.h for the error codes.
1515464226395	Marionette	DEBUG	Received DOM event "pagehide" for "about:blank"
1515464226395	Marionette	DEBUG	Received DOM event "unload" for "about:blank"
1515464226400	Marionette	DEBUG	Received DOM event "DOMContentLoaded" for "http://localhost:8081/"
1515464226496	Marionette	DEBUG	Received DOM event "pageshow" for "http://localhost:8081/"
1515464228927	Marionette	INFO	New connections will no longer be accepted
1515464229049	geckodriver	INFO	geckodriver 0.19.1
1515464229053	geckodriver	INFO	Listening on 127.0.0.1:55648
1515464229430	mozrunner::runner	INFO	Running command: "/Applications/Firefox.app/Contents/MacOS/firefox-bin" "-marionette" "-profile" "/var/folders/2c/7x1pgq_s7573kb74v4mxgcdw0000gn/T/rust_mozprofile.OCDu9CDWbh94"
1515464231320	Marionette	INFO	Listening on port 55655
1515464231387	Marionette	WARN	TLS certificate errors will be ignored for this session
1515464231611	Marionette	DEBUG	loaded listener.js
1515464231638	Marionette	DEBUG	Received DOM event "beforeunload" for "about:blank"
2018-01-09 02:17:11.676 plugin-container[86011:23447306] *** CFMessagePort: bootstrap_register(): failed 1100 (0x44c) 'Permission denied', port = 0xa93b, name = 'com.apple.tsm.portname'
See /usr/include/servers/bootstrap_defs.h for the error codes.
1515464231765	Marionette	DEBUG	Received DOM event "pagehide" for "about:blank"
1515464231766	Marionette	DEBUG	Received DOM event "unload" for "about:blank"
1515464231771	Marionette	DEBUG	Received DOM event "DOMContentLoaded" for "http://localhost:8081/"
1515464231825	Marionette	DEBUG	Received DOM event "pageshow" for "http://localhost:8081/"
1515464233053	Marionette	INFO	New connections will no longer be accepted
1515464233201	geckodriver	INFO	geckodriver 0.19.1
1515464233205	geckodriver	INFO	Listening on 127.0.0.1:55694
1515464233585	mozrunner::runner	INFO	Running command: "/Applications/Firefox.app/Contents/MacOS/firefox-bin" "-marionette" "-profile" "/var/folders/2c/7x1pgq_s7573kb74v4mxgcdw0000gn/T/rust_mozprofile.a97dVzpSgk4b"
1515464235414	Marionette	INFO	Listening on port 55701
1515464235550	Marionette	WARN	TLS certificate errors will be ignored for this session
1515464235724	Marionette	DEBUG	loaded listener.js
1515464235754	Marionette	DEBUG	Received DOM event "beforeunload" for "about:blank"
2018-01-09 02:17:15.778 plugin-container[86014:23447934] *** CFMessagePort: bootstrap_register(): failed 1100 (0x44c) 'Permission denied', port = 0xa92f, name = 'com.apple.tsm.portname'
See /usr/include/servers/bootstrap_defs.h for the error codes.
1515464235876	Marionette	DEBUG	Received DOM event "pagehide" for "about:blank"
1515464235877	Marionette	DEBUG	Received DOM event "unload" for "about:blank"
1515464235881	Marionette	DEBUG	Received DOM event "DOMContentLoaded" for "http://localhost:8081/"
1515464235931	Marionette	DEBUG	Received DOM event "pageshow" for "http://localhost:8081/"
1515464236085	Marionette	INFO	New connections will no longer be accepted
[GFX1-]: Receive IPC close with reason=AbnormalShutdown
1515464240499	geckodriver	INFO	geckodriver 0.19.1
1515464240503	geckodriver	INFO	Listening on 127.0.0.1:55737
1515464240892	mozrunner::runner	INFO	Running command: "/Applications/Firefox.app/Contents/MacOS/firefox-bin" "-marionette" "-profile" "/var/folders/2c/7x1pgq_s7573kb74v4mxgcdw0000gn/T/rust_mozprofile.mLwyzSq7tsTo"
1515464243259	Marionette	INFO	Listening on port 55744
1515464243513	Marionette	WARN	TLS certificate errors will be ignored for this session
1515464243566	Marionette	DEBUG	loaded listener.js
1515464243595	Marionette	DEBUG	Received DOM event "beforeunload" for "about:blank"
2018-01-09 02:17:23.613 plugin-container[86021:23448589] *** CFMessagePort: bootstrap_register(): failed 1100 (0x44c) 'Permission denied', port = 0xa837, name = 'com.apple.tsm.portname'
See /usr/include/servers/bootstrap_defs.h for the error codes.
1515464243730	Marionette	DEBUG	Received DOM event "pagehide" for "about:blank"
1515464243731	Marionette	DEBUG	Received DOM event "unload" for "about:blank"
1515464243735	Marionette	DEBUG	Received DOM event "DOMContentLoaded" for "http://localhost:8081/"
1515464243796	Marionette	DEBUG	Received DOM event "pageshow" for "http://localhost:8081/"
1515464246205	Marionette	INFO	New connections will no longer be accepted
1515464246328	geckodriver	INFO	geckodriver 0.19.1
1515464246332	geckodriver	INFO	Listening on 127.0.0.1:55812
1515464246710	mozrunner::runner	INFO	Running command: "/Applications/Firefox.app/Contents/MacOS/firefox-bin" "-marionette" "-profile" "/var/folders/2c/7x1pgq_s7573kb74v4mxgcdw0000gn/T/rust_mozprofile.5YYOiGzESnZ9"
1515464248746	Marionette	INFO	Listening on port 55819
1515464248818	Marionette	WARN	TLS certificate errors will be ignored for this session
1515464249054	Marionette	DEBUG	loaded listener.js
1515464249087	Marionette	DEBUG	Received DOM event "beforeunload" for "about:blank"
2018-01-09 02:17:29.118 plugin-container[86024:23449277] *** CFMessagePort: bootstrap_register(): failed 1100 (0x44c) 'Permission denied', port = 0xaf3b, name = 'com.apple.tsm.portname'
See /usr/include/servers/bootstrap_defs.h for the error codes.
1515464249214	Marionette	DEBUG	Received DOM event "pagehide" for "about:blank"
1515464249214	Marionette	DEBUG	Received DOM event "unload" for "about:blank"
1515464249219	Marionette	DEBUG	Received DOM event "DOMContentLoaded" for "http://localhost:8081/"
1515464249270	Marionette	DEBUG	Received DOM event "pageshow" for "http://localhost:8081/"
1515464250512	Marionette	INFO	New connections will no longer be accepted
1515464250663	geckodriver	INFO	geckodriver 0.19.1
1515464250667	geckodriver	INFO	Listening on 127.0.0.1:55859
1515464251045	mozrunner::runner	INFO	Running command: "/Applications/Firefox.app/Contents/MacOS/firefox-bin" "-marionette" "-profile" "/var/folders/2c/7x1pgq_s7573kb74v4mxgcdw0000gn/T/rust_mozprofile.sB9BzWNs7HBT"
1515464252895	Marionette	INFO	Listening on port 55866
1515464252998	Marionette	WARN	TLS certificate errors will be ignored for this session
1515464253188	Marionette	DEBUG	loaded listener.js
1515464253215	Marionette	DEBUG	Received DOM event "beforeunload" for "about:blank"
2018-01-09 02:17:33.260 plugin-container[86028:23449922] *** CFMessagePort: bootstrap_register(): failed 1100 (0x44c) 'Permission denied', port = 0xa93b, name = 'com.apple.tsm.portname'
See /usr/include/servers/bootstrap_defs.h for the error codes.
1515464253349	Marionette	DEBUG	Received DOM event "pagehide" for "about:blank"
1515464253350	Marionette	DEBUG	Received DOM event "unload" for "about:blank"
1515464253357	Marionette	DEBUG	Received DOM event "DOMContentLoaded" for "http://localhost:8081/"
1515464253428	Marionette	DEBUG	Received DOM event "pageshow" for "http://localhost:8081/"
1515464253614	Marionette	INFO	New connections will no longer be accepted
1515464632670	geckodriver	INFO	geckodriver 0.19.1
1515464632674	geckodriver	INFO	Listening on 127.0.0.1:55971
1515464633055	mozrunner::runner	INFO	Running command: "/Applications/Firefox.app/Contents/MacOS/firefox-bin" "-marionette" "-profile" "/var/folders/2c/7x1pgq_s7573kb74v4mxgcdw0000gn/T/rust_mozprofile.OOJSGZKTUs4N"
1515464635427	Marionette	INFO	Listening on port 55978
1515464635661	Marionette	WARN	TLS certificate errors will be ignored for this session
1515464635715	Marionette	DEBUG	loaded listener.js
1515464635746	Marionette	DEBUG	Received DOM event "beforeunload" for "about:blank"
2018-01-09 02:23:55.775 plugin-container[86114:23456670] *** CFMessagePort: bootstrap_register(): failed 1100 (0x44c) 'Permission denied', port = 0xaa3b, name = 'com.apple.tsm.portname'
See /usr/include/servers/bootstrap_defs.h for the error codes.
1515464635881	Marionette	DEBUG	Received DOM event "pagehide" for "about:blank"
1515464635881	Marionette	DEBUG	Received DOM event "unload" for "about:blank"
1515464635886	Marionette	DEBUG	Received DOM event "DOMContentLoaded" for "http://localhost:8081/"
1515464635961	Marionette	DEBUG	Received DOM event "pageshow" for "http://localhost:8081/"
1515464638395	Marionette	INFO	New connections will no longer be accepted
1515464638518	geckodriver	INFO	geckodriver 0.19.1
1515464638522	geckodriver	INFO	Listening on 127.0.0.1:56044
1515464638904	mozrunner::runner	INFO	Running command: "/Applications/Firefox.app/Contents/MacOS/firefox-bin" "-marionette" "-profile" "/var/folders/2c/7x1pgq_s7573kb74v4mxgcdw0000gn/T/rust_mozprofile.z5hGawehdZKs"
1515464640749	Marionette	INFO	Listening on port 56051
1515464640945	Marionette	WARN	TLS certificate errors will be ignored for this session
1515464641069	Marionette	DEBUG	loaded listener.js
1515464641098	Marionette	DEBUG	Received DOM event "beforeunload" for "about:blank"
2018-01-09 02:24:01.132 plugin-container[86118:23457306] *** CFMessagePort: bootstrap_register(): failed 1100 (0x44c) 'Permission denied', port = 0xa83b, name = 'com.apple.tsm.portname'
See /usr/include/servers/bootstrap_defs.h for the error codes.
1515464641217	Marionette	DEBUG	Received DOM event "pagehide" for "about:blank"
1515464641218	Marionette	DEBUG	Received DOM event "unload" for "about:blank"
1515464641222	Marionette	DEBUG	Received DOM event "DOMContentLoaded" for "http://localhost:8081/"
1515464641289	Marionette	DEBUG	Received DOM event "pageshow" for "http://localhost:8081/"
1515464642522	Marionette	INFO	New connections will no longer be accepted
1515464642670	geckodriver	INFO	geckodriver 0.19.1
1515464642674	geckodriver	INFO	Listening on 127.0.0.1:56090
1515464643055	mozrunner::runner	INFO	Running command: "/Applications/Firefox.app/Contents/MacOS/firefox-bin" "-marionette" "-profile" "/var/folders/2c/7x1pgq_s7573kb74v4mxgcdw0000gn/T/rust_mozprofile.mqRJYkevrBt4"
1515464644876	Marionette	INFO	Listening on port 56097
1515464645019	Marionette	WARN	TLS certificate errors will be ignored for this session
1515464645181	Marionette	DEBUG	loaded listener.js
1515464645210	Marionette	DEBUG	Received DOM event "beforeunload" for "about:blank"
2018-01-09 02:24:05.235 plugin-container[86121:23457931] *** CFMessagePort: bootstrap_register(): failed 1100 (0x44c) 'Permission denied', port = 0xaf37, name = 'com.apple.tsm.portname'
See /usr/include/servers/bootstrap_defs.h for the error codes.
1515464645325	Marionette	DEBUG	Received DOM event "pagehide" for "about:blank"
1515464645325	Marionette	DEBUG	Received DOM event "unload" for "about:blank"
1515464645330	Marionette	DEBUG	Received DOM event "DOMContentLoaded" for "http://localhost:8081/"
1515464645394	Marionette	DEBUG	Received DOM event "pageshow" for "http://localhost:8081/"
1515464645549	Marionette	INFO	New connections will no longer be accepted
1515464653191	geckodriver	INFO	geckodriver 0.19.1
1515464653195	geckodriver	INFO	Listening on 127.0.0.1:56132
1515464653580	mozrunner::runner	INFO	Running command: "/Applications/Firefox.app/Contents/MacOS/firefox-bin" "-marionette" "-profile" "/var/folders/2c/7x1pgq_s7573kb74v4mxgcdw0000gn/T/rust_mozprofile.7pN1tOnm0fNA"
1515464656103	Marionette	INFO	Listening on port 56139
1515464656191	Marionette	WARN	TLS certificate errors will be ignored for this session
1515464656433	Marionette	DEBUG	loaded listener.js
1515464656459	Marionette	DEBUG	Received DOM event "beforeunload" for "about:blank"
2018-01-09 02:24:16.508 plugin-container[86132:23458719] *** CFMessagePort: bootstrap_register(): failed 1100 (0x44c) 'Permission denied', port = 0xa73b, name = 'com.apple.tsm.portname'
See /usr/include/servers/bootstrap_defs.h for the error codes.
1515464656615	Marionette	DEBUG	Received DOM event "pagehide" for "about:blank"
1515464656615	Marionette	DEBUG	Received DOM event "unload" for "about:blank"
1515464656622	Marionette	DEBUG	Received DOM event "DOMContentLoaded" for "http://localhost:8081/"
1515464656714	Marionette	DEBUG	Received DOM event "pageshow" for "http://localhost:8081/"
1515464659133	Marionette	INFO	New connections will no longer be accepted
1515464659275	geckodriver	INFO	geckodriver 0.19.1
1515464659280	geckodriver	INFO	Listening on 127.0.0.1:56218
1515464659709	mozrunner::runner	INFO	Running command: "/Applications/Firefox.app/Contents/MacOS/firefox-bin" "-marionette" "-profile" "/var/folders/2c/7x1pgq_s7573kb74v4mxgcdw0000gn/T/rust_mozprofile.AnnwsAFaznYN"
1515464661677	Marionette	INFO	Listening on port 56225
1515464661925	Marionette	WARN	TLS certificate errors will be ignored for this session
1515464661979	Marionette	DEBUG	loaded listener.js
1515464662008	Marionette	DEBUG	Received DOM event "beforeunload" for "about:blank"
2018-01-09 02:24:22.028 plugin-container[86138:23459965] *** CFMessagePort: bootstrap_register(): failed 1100 (0x44c) 'Permission denied', port = 0xa93b, name = 'com.apple.tsm.portname'
See /usr/include/servers/bootstrap_defs.h for the error codes.
1515464662122	Marionette	DEBUG	Received DOM event "pagehide" for "about:blank"
1515464662122	Marionette	DEBUG	Received DOM event "unload" for "about:blank"
1515464662127	Marionette	DEBUG	Received DOM event "DOMContentLoaded" for "http://localhost:8081/"
1515464662198	Marionette	DEBUG	Received DOM event "pageshow" for "http://localhost:8081/"
1515464663423	Marionette	INFO	New connections will no longer be accepted
1515464663588	geckodriver	INFO	geckodriver 0.19.1
1515464663592	geckodriver	INFO	Listening on 127.0.0.1:56264
1515464663974	mozrunner::runner	INFO	Running command: "/Applications/Firefox.app/Contents/MacOS/firefox-bin" "-marionette" "-profile" "/var/folders/2c/7x1pgq_s7573kb74v4mxgcdw0000gn/T/rust_mozprofile.coxARaNd6kif"
1515464665858	Marionette	INFO	Listening on port 56271
1515464665951	Marionette	WARN	TLS certificate errors will be ignored for this session
1515464666170	Marionette	DEBUG	loaded listener.js
1515464666196	Marionette	DEBUG	Received DOM event "beforeunload" for "about:blank"
2018-01-09 02:24:26.236 plugin-container[86141:23460679] *** CFMessagePort: bootstrap_register(): failed 1100 (0x44c) 'Permission denied', port = 0xa93b, name = 'com.apple.tsm.portname'
See /usr/include/servers/bootstrap_defs.h for the error codes.
1515464666326	Marionette	DEBUG	Received DOM event "pagehide" for "about:blank"
1515464666326	Marionette	DEBUG	Received DOM event "unload" for "about:blank"
1515464666331	Marionette	DEBUG	Received DOM event "DOMContentLoaded" for "http://localhost:8081/"
1515464666401	Marionette	DEBUG	Received DOM event "pageshow" for "http://localhost:8081/"
1515464666563	Marionette	INFO	New connections will no longer be accepted
1517633256112	geckodriver	INFO	geckodriver 0.19.1
1517633256117	geckodriver	INFO	Listening on 127.0.0.1:56364
1517633260700	mozrunner::runner	INFO	Running command: "/Applications/Firefox.app/Contents/MacOS/firefox-bin" "-marionette" "-profile" "/var/folders/2c/7x1pgq_s7573kb74v4mxgcdw0000gn/T/rust_mozprofile.zNXWcICraRrr"
1517633263868	Marionette	INFO	Listening on port 56371
1517633263955	Marionette	WARN	TLS certificate errors will be ignored for this session
1517633264146	Marionette	DEBUG	loaded listener.js
1517633264174	Marionette	DEBUG	Received DOM event "beforeunload" for "about:blank"
2018-02-03 04:47:44.223 plugin-container[27941:1054283] *** CFMessagePort: bootstrap_register(): failed 1100 (0x44c) 'Permission denied', port = 0x8a37, name = 'com.apple.tsm.portname'
See /usr/include/servers/bootstrap_defs.h for the error codes.
1517633264489	Marionette	DEBUG	Received DOM event "pagehide" for "about:blank"
1517633264490	Marionette	DEBUG	Received DOM event "unload" for "about:blank"
1517633264496	Marionette	DEBUG	Received DOM event "DOMContentLoaded" for "http://188.166.18.232/"
1517633264515	Marionette	DEBUG	Received DOM event "pageshow" for "http://188.166.18.232/"
1517633264552	Marionette	INFO	New connections will no longer be accepted
1517633264693	geckodriver	INFO	geckodriver 0.19.1
1517633264698	geckodriver	INFO	Listening on 127.0.0.1:56448
1517633265785	mozrunner::runner	INFO	Running command: "/Applications/Firefox.app/Contents/MacOS/firefox-bin" "-marionette" "-profile" "/var/folders/2c/7x1pgq_s7573kb74v4mxgcdw0000gn/T/rust_mozprofile.rgYkNkiollcz"
1517633267549	Marionette	INFO	Listening on port 56454
1517633267658	Marionette	WARN	TLS certificate errors will be ignored for this session
1517633267788	Marionette	DEBUG	loaded listener.js
1517633267815	Marionette	DEBUG	Received DOM event "beforeunload" for "about:blank"
2018-02-03 04:47:47.864 plugin-container[27945:1054630] *** CFMessagePort: bootstrap_register(): failed 1100 (0x44c) 'Permission denied', port = 0x8f3b, name = 'com.apple.tsm.portname'
See /usr/include/servers/bootstrap_defs.h for the error codes.
1517633268132	Marionette	DEBUG	Received DOM event "pagehide" for "about:blank"
1517633268132	Marionette	DEBUG	Received DOM event "unload" for "about:blank"
1517633268139	Marionette	DEBUG	Received DOM event "DOMContentLoaded" for "http://188.166.18.232/"
1517633268157	Marionette	DEBUG	Received DOM event "pageshow" for "http://188.166.18.232/"
1517633271277	Marionette	INFO	New connections will no longer be accepted
